{"D:\\Projects\\Pratical-studies\\ranek-api\\knexfile.js": {"path":"D:\\Projects\\Pratical-studies\\ranek-api\\knexfile.js","statementMap":{"0":{"start":{"line":1,"column":0},"end":{"line":1,"column":27}},"1":{"start":{"line":3,"column":0},"end":{"line":17,"column":2}}},"fnMap":{},"branchMap":{},"s":{"0":7,"1":7},"f":{},"b":{},"_coverageSchema":"1a1c01bbd47fc00a2c39e90264f33305004495a9","hash":"541246c378d0c2b1f66481316555bcdbd336e092"}
,"D:\\Projects\\Pratical-studies\\ranek-api\\src\\app.js": {"path":"D:\\Projects\\Pratical-studies\\ranek-api\\src\\app.js","statementMap":{"0":{"start":{"line":1,"column":12},"end":{"line":1,"column":32}},"1":{"start":{"line":2,"column":16},"end":{"line":2,"column":34}},"2":{"start":{"line":3,"column":13},"end":{"line":3,"column":28}},"3":{"start":{"line":4,"column":17},"end":{"line":4,"column":39}},"4":{"start":{"line":8,"column":0},"end":{"line":8,"column":29}},"5":{"start":{"line":10,"column":0},"end":{"line":16,"column":13}},"6":{"start":{"line":18,"column":0},"end":{"line":20,"column":3}},"7":{"start":{"line":19,"column":2},"end":{"line":19,"column":25}},"8":{"start":{"line":22,"column":0},"end":{"line":28,"column":3}},"9":{"start":{"line":23,"column":35},"end":{"line":23,"column":38}},"10":{"start":{"line":24,"column":2},"end":{"line":24,"column":75}},"11":{"start":{"line":24,"column":34},"end":{"line":24,"column":75}},"12":{"start":{"line":25,"column":2},"end":{"line":26,"column":54}},"13":{"start":{"line":25,"column":37},"end":{"line":25,"column":78}},"14":{"start":{"line":26,"column":7},"end":{"line":26,"column":54}},"15":{"start":{"line":27,"column":2},"end":{"line":27,"column":12}},"16":{"start":{"line":40,"column":0},"end":{"line":40,"column":21}}},"fnMap":{"0":{"name":"(anonymous_0)","decl":{"start":{"line":18,"column":13},"end":{"line":18,"column":14}},"loc":{"start":{"line":18,"column":27},"end":{"line":20,"column":1}},"line":18},"1":{"name":"(anonymous_1)","decl":{"start":{"line":22,"column":8},"end":{"line":22,"column":9}},"loc":{"start":{"line":22,"column":33},"end":{"line":28,"column":1}},"line":22}},"branchMap":{"0":{"loc":{"start":{"line":24,"column":2},"end":{"line":24,"column":75}},"type":"if","locations":[{"start":{"line":24,"column":2},"end":{"line":24,"column":75}},{"start":{},"end":{}}],"line":24},"1":{"loc":{"start":{"line":25,"column":2},"end":{"line":26,"column":54}},"type":"if","locations":[{"start":{"line":25,"column":2},"end":{"line":26,"column":54}},{"start":{"line":26,"column":7},"end":{"line":26,"column":54}}],"line":25}},"s":{"0":7,"1":7,"2":7,"3":7,"4":7,"5":7,"6":7,"7":1,"8":7,"9":121,"10":121,"11":119,"12":121,"13":2,"14":119,"15":2,"16":7},"f":{"0":1,"1":121},"b":{"0":[119,2],"1":[2,119]},"_coverageSchema":"1a1c01bbd47fc00a2c39e90264f33305004495a9","hash":"d61560bba88fdc63807d47239216c5ec15fe9080"}
,"D:\\Projects\\Pratical-studies\\ranek-api\\src\\config\\middlewares.js": {"path":"D:\\Projects\\Pratical-studies\\ranek-api\\src\\config\\middlewares.js","statementMap":{"0":{"start":{"line":1,"column":19},"end":{"line":1,"column":41}},"1":{"start":{"line":3,"column":0},"end":{"line":5,"column":2}},"2":{"start":{"line":4,"column":2},"end":{"line":4,"column":29}}},"fnMap":{"0":{"name":"(anonymous_0)","decl":{"start":{"line":3,"column":17},"end":{"line":3,"column":18}},"loc":{"start":{"line":3,"column":26},"end":{"line":5,"column":1}},"line":3}},"branchMap":{},"s":{"0":7,"1":7,"2":7},"f":{"0":7},"b":{},"_coverageSchema":"1a1c01bbd47fc00a2c39e90264f33305004495a9","hash":"431bf2f662801245e7b913a594aacaca84fbd7d6"}
,"D:\\Projects\\Pratical-studies\\ranek-api\\src\\config\\multer.js": {"path":"D:\\Projects\\Pratical-studies\\ranek-api\\src\\config\\multer.js","statementMap":{"0":{"start":{"line":1,"column":15},"end":{"line":1,"column":32}},"1":{"start":{"line":2,"column":13},"end":{"line":2,"column":28}},"2":{"start":{"line":3,"column":15},"end":{"line":3,"column":32}},"3":{"start":{"line":4,"column":24},"end":{"line":4,"column":58}},"4":{"start":{"line":6,"column":0},"end":{"line":37,"column":2}},"5":{"start":{"line":10,"column":6},"end":{"line":10,"column":70}},"6":{"start":{"line":13,"column":6},"end":{"line":17,"column":9}},"7":{"start":{"line":14,"column":8},"end":{"line":14,"column":29}},"8":{"start":{"line":14,"column":19},"end":{"line":14,"column":29}},"9":{"start":{"line":15,"column":25},"end":{"line":15,"column":71}},"10":{"start":{"line":16,"column":8},"end":{"line":16,"column":27}},"11":{"start":{"line":24,"column":25},"end":{"line":30,"column":5}},"12":{"start":{"line":31,"column":4},"end":{"line":35,"column":5}},"13":{"start":{"line":32,"column":6},"end":{"line":32,"column":21}},"14":{"start":{"line":34,"column":6},"end":{"line":34,"column":97}}},"fnMap":{"0":{"name":"(anonymous_0)","decl":{"start":{"line":9,"column":17},"end":{"line":9,"column":18}},"loc":{"start":{"line":9,"column":36},"end":{"line":11,"column":5}},"line":9},"1":{"name":"(anonymous_1)","decl":{"start":{"line":12,"column":14},"end":{"line":12,"column":15}},"loc":{"start":{"line":12,"column":33},"end":{"line":18,"column":5}},"line":12},"2":{"name":"(anonymous_2)","decl":{"start":{"line":13,"column":29},"end":{"line":13,"column":30}},"loc":{"start":{"line":13,"column":46},"end":{"line":17,"column":7}},"line":13},"3":{"name":"(anonymous_3)","decl":{"start":{"line":23,"column":14},"end":{"line":23,"column":15}},"loc":{"start":{"line":23,"column":33},"end":{"line":36,"column":3}},"line":23}},"branchMap":{"0":{"loc":{"start":{"line":14,"column":8},"end":{"line":14,"column":29}},"type":"if","locations":[{"start":{"line":14,"column":8},"end":{"line":14,"column":29}},{"start":{},"end":{}}],"line":14},"1":{"loc":{"start":{"line":31,"column":4},"end":{"line":35,"column":5}},"type":"if","locations":[{"start":{"line":31,"column":4},"end":{"line":35,"column":5}},{"start":{"line":33,"column":11},"end":{"line":35,"column":5}}],"line":31}},"s":{"0":7,"1":7,"2":7,"3":7,"4":7,"5":0,"6":0,"7":0,"8":0,"9":0,"10":0,"11":0,"12":0,"13":0,"14":0},"f":{"0":0,"1":0,"2":0,"3":0},"b":{"0":[0,0],"1":[0,0]},"_coverageSchema":"1a1c01bbd47fc00a2c39e90264f33305004495a9","hash":"368a044e9f43d9d1ee104f99cabd2752dd7b440e"}
,"D:\\Projects\\Pratical-studies\\ranek-api\\src\\config\\passport.js": {"path":"D:\\Projects\\Pratical-studies\\ranek-api\\src\\config\\passport.js","statementMap":{"0":{"start":{"line":1,"column":17},"end":{"line":1,"column":36}},"1":{"start":{"line":2,"column":20},"end":{"line":2,"column":43}},"2":{"start":{"line":3,"column":0},"end":{"line":3,"column":27}},"3":{"start":{"line":5,"column":15},"end":{"line":5,"column":33}},"4":{"start":{"line":7,"column":33},"end":{"line":7,"column":44}},"5":{"start":{"line":9,"column":0},"end":{"line":30,"column":2}},"6":{"start":{"line":10,"column":17},"end":{"line":13,"column":3}},"7":{"start":{"line":15,"column":19},"end":{"line":23,"column":4}},"8":{"start":{"line":16,"column":4},"end":{"line":22,"column":5}},"9":{"start":{"line":17,"column":20},"end":{"line":17,"column":60}},"10":{"start":{"line":18,"column":6},"end":{"line":18,"column":73}},"11":{"start":{"line":18,"column":17},"end":{"line":18,"column":73}},"12":{"start":{"line":19,"column":6},"end":{"line":19,"column":31}},"13":{"start":{"line":21,"column":6},"end":{"line":21,"column":32}},"14":{"start":{"line":25,"column":2},"end":{"line":25,"column":25}},"15":{"start":{"line":27,"column":2},"end":{"line":29,"column":4}},"16":{"start":{"line":28,"column":24},"end":{"line":28,"column":72}}},"fnMap":{"0":{"name":"(anonymous_0)","decl":{"start":{"line":9,"column":17},"end":{"line":9,"column":18}},"loc":{"start":{"line":9,"column":26},"end":{"line":30,"column":1}},"line":9},"1":{"name":"(anonymous_1)","decl":{"start":{"line":15,"column":40},"end":{"line":15,"column":41}},"loc":{"start":{"line":15,"column":65},"end":{"line":23,"column":3}},"line":15},"2":{"name":"(anonymous_2)","decl":{"start":{"line":28,"column":18},"end":{"line":28,"column":19}},"loc":{"start":{"line":28,"column":24},"end":{"line":28,"column":72}},"line":28}},"branchMap":{"0":{"loc":{"start":{"line":18,"column":6},"end":{"line":18,"column":73}},"type":"if","locations":[{"start":{"line":18,"column":6},"end":{"line":18,"column":73}},{"start":{},"end":{}}],"line":18}},"s":{"0":7,"1":7,"2":7,"3":7,"4":7,"5":7,"6":7,"7":7,"8":145,"9":145,"10":145,"11":145,"12":0,"13":0,"14":7,"15":7,"16":7},"f":{"0":7,"1":145,"2":7},"b":{"0":[145,0]},"_coverageSchema":"1a1c01bbd47fc00a2c39e90264f33305004495a9","hash":"aa6e3ecd3d52e016b9afe9e4fcadf56ffa151cd3"}
,"D:\\Projects\\Pratical-studies\\ranek-api\\src\\config\\routes.js": {"path":"D:\\Projects\\Pratical-studies\\ranek-api\\src\\config\\routes.js","statementMap":{"0":{"start":{"line":1,"column":16},"end":{"line":1,"column":34}},"1":{"start":{"line":3,"column":0},"end":{"line":13,"column":2}},"2":{"start":{"line":4,"column":2},"end":{"line":4,"column":36}},"3":{"start":{"line":5,"column":2},"end":{"line":5,"column":49}},"4":{"start":{"line":6,"column":24},"end":{"line":6,"column":40}},"5":{"start":{"line":7,"column":2},"end":{"line":7,"column":48}},"6":{"start":{"line":8,"column":2},"end":{"line":8,"column":54}},"7":{"start":{"line":9,"column":2},"end":{"line":9,"column":56}},"8":{"start":{"line":10,"column":2},"end":{"line":10,"column":62}},"9":{"start":{"line":11,"column":2},"end":{"line":11,"column":50}},"10":{"start":{"line":12,"column":2},"end":{"line":12,"column":68}}},"fnMap":{"0":{"name":"(anonymous_0)","decl":{"start":{"line":3,"column":17},"end":{"line":3,"column":18}},"loc":{"start":{"line":3,"column":26},"end":{"line":13,"column":1}},"line":3}},"branchMap":{},"s":{"0":7,"1":7,"2":7,"3":7,"4":7,"5":7,"6":7,"7":7,"8":7,"9":7,"10":7},"f":{"0":7},"b":{},"_coverageSchema":"1a1c01bbd47fc00a2c39e90264f33305004495a9","hash":"38e6c929f9ba19f6d295b7bf7c438ed33d9424e6"}
,"D:\\Projects\\Pratical-studies\\ranek-api\\src\\err\\ValidationsError.js": {"path":"D:\\Projects\\Pratical-studies\\ranek-api\\src\\err\\ValidationsError.js","statementMap":{"0":{"start":{"line":1,"column":0},"end":{"line":4,"column":2}},"1":{"start":{"line":2,"column":2},"end":{"line":2,"column":32}},"2":{"start":{"line":3,"column":2},"end":{"line":3,"column":25}}},"fnMap":{"0":{"name":"ValidationError","decl":{"start":{"line":1,"column":26},"end":{"line":1,"column":41}},"loc":{"start":{"line":1,"column":51},"end":{"line":4,"column":1}},"line":1}},"branchMap":{},"s":{"0":7,"1":119,"2":119},"f":{"0":119},"b":{},"_coverageSchema":"1a1c01bbd47fc00a2c39e90264f33305004495a9","hash":"84e55c52ff734655e295f62fd4f03ba3a1e0d44b"}
,"D:\\Projects\\Pratical-studies\\ranek-api\\src\\err\\WrongResourceError.js": {"path":"D:\\Projects\\Pratical-studies\\ranek-api\\src\\err\\WrongResourceError.js","statementMap":{"0":{"start":{"line":1,"column":0},"end":{"line":4,"column":2}},"1":{"start":{"line":2,"column":2},"end":{"line":2,"column":35}},"2":{"start":{"line":3,"column":2},"end":{"line":3,"column":25}}},"fnMap":{"0":{"name":"WrongResourceError","decl":{"start":{"line":1,"column":26},"end":{"line":1,"column":44}},"loc":{"start":{"line":1,"column":95},"end":{"line":4,"column":1}},"line":1}},"branchMap":{"0":{"loc":{"start":{"line":1,"column":45},"end":{"line":1,"column":93}},"type":"default-arg","locations":[{"start":{"line":1,"column":55},"end":{"line":1,"column":93}}],"line":1}},"s":{"0":7,"1":2,"2":2},"f":{"0":2},"b":{"0":[2]},"_coverageSchema":"1a1c01bbd47fc00a2c39e90264f33305004495a9","hash":"4a09e65e433fe41dbc899d89c0e60b2694a5c4c8"}
,"D:\\Projects\\Pratical-studies\\ranek-api\\src\\migrations\\20230204132021_create_table_users.js": {"path":"D:\\Projects\\Pratical-studies\\ranek-api\\src\\migrations\\20230204132021_create_table_users.js","statementMap":{"0":{"start":{"line":1,"column":0},"end":{"line":15,"column":3}},"1":{"start":{"line":1,"column":23},"end":{"line":15,"column":2}},"2":{"start":{"line":2,"column":2},"end":{"line":2,"column":31}},"3":{"start":{"line":3,"column":2},"end":{"line":3,"column":24}},"4":{"start":{"line":4,"column":2},"end":{"line":4,"column":44}},"5":{"start":{"line":5,"column":2},"end":{"line":5,"column":38}},"6":{"start":{"line":6,"column":2},"end":{"line":6,"column":46}},"7":{"start":{"line":7,"column":2},"end":{"line":7,"column":80}},"8":{"start":{"line":8,"column":2},"end":{"line":8,"column":49}},"9":{"start":{"line":9,"column":2},"end":{"line":9,"column":26}},"10":{"start":{"line":10,"column":2},"end":{"line":10,"column":24}},"11":{"start":{"line":11,"column":2},"end":{"line":11,"column":23}},"12":{"start":{"line":12,"column":2},"end":{"line":12,"column":23}},"13":{"start":{"line":13,"column":2},"end":{"line":13,"column":26}},"14":{"start":{"line":14,"column":2},"end":{"line":14,"column":27}},"15":{"start":{"line":17,"column":0},"end":{"line":17,"column":56}},"16":{"start":{"line":17,"column":25},"end":{"line":17,"column":55}}},"fnMap":{"0":{"name":"(anonymous_0)","decl":{"start":{"line":1,"column":13},"end":{"line":1,"column":14}},"loc":{"start":{"line":1,"column":23},"end":{"line":15,"column":2}},"line":1},"1":{"name":"(anonymous_1)","decl":{"start":{"line":1,"column":56},"end":{"line":1,"column":57}},"loc":{"start":{"line":1,"column":63},"end":{"line":15,"column":1}},"line":1},"2":{"name":"(anonymous_2)","decl":{"start":{"line":17,"column":15},"end":{"line":17,"column":16}},"loc":{"start":{"line":17,"column":25},"end":{"line":17,"column":55}},"line":17}},"branchMap":{},"s":{"0":6,"1":6,"2":6,"3":6,"4":6,"5":6,"6":6,"7":6,"8":6,"9":6,"10":6,"11":6,"12":6,"13":6,"14":6,"15":6,"16":6},"f":{"0":6,"1":6,"2":6},"b":{},"_coverageSchema":"1a1c01bbd47fc00a2c39e90264f33305004495a9","hash":"85de00cf1001cef6db75106a30cf1c570e81fd53"}
,"D:\\Projects\\Pratical-studies\\ranek-api\\src\\migrations\\20230228085359_create_tabela_product.js": {"path":"D:\\Projects\\Pratical-studies\\ranek-api\\src\\migrations\\20230228085359_create_tabela_product.js","statementMap":{"0":{"start":{"line":1,"column":0},"end":{"line":14,"column":3}},"1":{"start":{"line":1,"column":23},"end":{"line":14,"column":2}},"2":{"start":{"line":2,"column":2},"end":{"line":2,"column":31}},"3":{"start":{"line":3,"column":2},"end":{"line":6,"column":15}},"4":{"start":{"line":7,"column":2},"end":{"line":7,"column":34}},"5":{"start":{"line":8,"column":2},"end":{"line":8,"column":29}},"6":{"start":{"line":9,"column":2},"end":{"line":9,"column":45}},"7":{"start":{"line":10,"column":2},"end":{"line":10,"column":41}},"8":{"start":{"line":11,"column":2},"end":{"line":11,"column":33}},"9":{"start":{"line":12,"column":2},"end":{"line":12,"column":80}},"10":{"start":{"line":13,"column":2},"end":{"line":13,"column":49}},"11":{"start":{"line":16,"column":0},"end":{"line":16,"column":59}},"12":{"start":{"line":16,"column":25},"end":{"line":16,"column":58}}},"fnMap":{"0":{"name":"(anonymous_0)","decl":{"start":{"line":1,"column":13},"end":{"line":1,"column":14}},"loc":{"start":{"line":1,"column":23},"end":{"line":14,"column":2}},"line":1},"1":{"name":"(anonymous_1)","decl":{"start":{"line":1,"column":59},"end":{"line":1,"column":60}},"loc":{"start":{"line":1,"column":66},"end":{"line":14,"column":1}},"line":1},"2":{"name":"(anonymous_2)","decl":{"start":{"line":16,"column":15},"end":{"line":16,"column":16}},"loc":{"start":{"line":16,"column":25},"end":{"line":16,"column":58}},"line":16}},"branchMap":{},"s":{"0":6,"1":6,"2":6,"3":6,"4":6,"5":6,"6":6,"7":6,"8":6,"9":6,"10":6,"11":6,"12":6},"f":{"0":6,"1":6,"2":6},"b":{},"_coverageSchema":"1a1c01bbd47fc00a2c39e90264f33305004495a9","hash":"df35ff7f36084d3f9d9e76dc47a5c26db747b609"}
,"D:\\Projects\\Pratical-studies\\ranek-api\\src\\migrations\\20230314111403_create_tabela_addresses.js": {"path":"D:\\Projects\\Pratical-studies\\ranek-api\\src\\migrations\\20230314111403_create_tabela_addresses.js","statementMap":{"0":{"start":{"line":1,"column":0},"end":{"line":11,"column":3}},"1":{"start":{"line":1,"column":23},"end":{"line":11,"column":2}},"2":{"start":{"line":2,"column":2},"end":{"line":2,"column":31}},"3":{"start":{"line":3,"column":2},"end":{"line":3,"column":80}},"4":{"start":{"line":4,"column":2},"end":{"line":4,"column":49}},"5":{"start":{"line":5,"column":2},"end":{"line":5,"column":36}},"6":{"start":{"line":6,"column":2},"end":{"line":6,"column":34}},"7":{"start":{"line":7,"column":2},"end":{"line":7,"column":33}},"8":{"start":{"line":8,"column":2},"end":{"line":8,"column":33}},"9":{"start":{"line":9,"column":2},"end":{"line":9,"column":36}},"10":{"start":{"line":10,"column":2},"end":{"line":10,"column":37}},"11":{"start":{"line":13,"column":0},"end":{"line":13,"column":60}},"12":{"start":{"line":13,"column":25},"end":{"line":13,"column":59}}},"fnMap":{"0":{"name":"(anonymous_0)","decl":{"start":{"line":1,"column":13},"end":{"line":1,"column":14}},"loc":{"start":{"line":1,"column":23},"end":{"line":11,"column":2}},"line":1},"1":{"name":"(anonymous_1)","decl":{"start":{"line":1,"column":60},"end":{"line":1,"column":61}},"loc":{"start":{"line":1,"column":67},"end":{"line":11,"column":1}},"line":1},"2":{"name":"(anonymous_2)","decl":{"start":{"line":13,"column":15},"end":{"line":13,"column":16}},"loc":{"start":{"line":13,"column":25},"end":{"line":13,"column":59}},"line":13}},"branchMap":{},"s":{"0":6,"1":6,"2":6,"3":6,"4":6,"5":6,"6":6,"7":6,"8":6,"9":6,"10":6,"11":6,"12":6},"f":{"0":6,"1":6,"2":6},"b":{},"_coverageSchema":"1a1c01bbd47fc00a2c39e90264f33305004495a9","hash":"b159384828215c5491e2ce0229086d1ba9190e0b"}
,"D:\\Projects\\Pratical-studies\\ranek-api\\src\\migrations\\20230314122224_create_tabela_transactions.js": {"path":"D:\\Projects\\Pratical-studies\\ranek-api\\src\\migrations\\20230314122224_create_tabela_transactions.js","statementMap":{"0":{"start":{"line":1,"column":0},"end":{"line":17,"column":3}},"1":{"start":{"line":1,"column":23},"end":{"line":17,"column":2}},"2":{"start":{"line":2,"column":2},"end":{"line":2,"column":31}},"3":{"start":{"line":3,"column":2},"end":{"line":6,"column":15}},"4":{"start":{"line":7,"column":2},"end":{"line":10,"column":15}},"5":{"start":{"line":11,"column":2},"end":{"line":14,"column":15}},"6":{"start":{"line":15,"column":2},"end":{"line":15,"column":80}},"7":{"start":{"line":16,"column":2},"end":{"line":16,"column":49}},"8":{"start":{"line":19,"column":0},"end":{"line":19,"column":63}},"9":{"start":{"line":19,"column":25},"end":{"line":19,"column":62}}},"fnMap":{"0":{"name":"(anonymous_0)","decl":{"start":{"line":1,"column":13},"end":{"line":1,"column":14}},"loc":{"start":{"line":1,"column":23},"end":{"line":17,"column":2}},"line":1},"1":{"name":"(anonymous_1)","decl":{"start":{"line":1,"column":63},"end":{"line":1,"column":64}},"loc":{"start":{"line":1,"column":70},"end":{"line":17,"column":1}},"line":1},"2":{"name":"(anonymous_2)","decl":{"start":{"line":19,"column":15},"end":{"line":19,"column":16}},"loc":{"start":{"line":19,"column":25},"end":{"line":19,"column":62}},"line":19}},"branchMap":{},"s":{"0":6,"1":6,"2":6,"3":6,"4":6,"5":6,"6":6,"7":6,"8":6,"9":6},"f":{"0":6,"1":6,"2":6},"b":{},"_coverageSchema":"1a1c01bbd47fc00a2c39e90264f33305004495a9","hash":"9793657bb5f1298ce4263d39c9af779cd2c6afde"}
,"D:\\Projects\\Pratical-studies\\ranek-api\\src\\migrations\\20230321115911_create_tabela_photos.js": {"path":"D:\\Projects\\Pratical-studies\\ranek-api\\src\\migrations\\20230321115911_create_tabela_photos.js","statementMap":{"0":{"start":{"line":1,"column":0},"end":{"line":16,"column":3}},"1":{"start":{"line":1,"column":23},"end":{"line":16,"column":2}},"2":{"start":{"line":2,"column":2},"end":{"line":2,"column":31}},"3":{"start":{"line":3,"column":2},"end":{"line":3,"column":34}},"4":{"start":{"line":4,"column":2},"end":{"line":4,"column":37}},"5":{"start":{"line":5,"column":2},"end":{"line":5,"column":33}},"6":{"start":{"line":6,"column":2},"end":{"line":6,"column":33}},"7":{"start":{"line":7,"column":2},"end":{"line":7,"column":36}},"8":{"start":{"line":8,"column":2},"end":{"line":8,"column":33}},"9":{"start":{"line":9,"column":2},"end":{"line":9,"column":30}},"10":{"start":{"line":10,"column":2},"end":{"line":10,"column":28}},"11":{"start":{"line":11,"column":2},"end":{"line":11,"column":30}},"12":{"start":{"line":12,"column":2},"end":{"line":12,"column":80}},"13":{"start":{"line":13,"column":2},"end":{"line":15,"column":25}},"14":{"start":{"line":18,"column":0},"end":{"line":18,"column":57}},"15":{"start":{"line":18,"column":25},"end":{"line":18,"column":56}}},"fnMap":{"0":{"name":"(anonymous_0)","decl":{"start":{"line":1,"column":13},"end":{"line":1,"column":14}},"loc":{"start":{"line":1,"column":23},"end":{"line":16,"column":2}},"line":1},"1":{"name":"(anonymous_1)","decl":{"start":{"line":1,"column":57},"end":{"line":1,"column":58}},"loc":{"start":{"line":1,"column":64},"end":{"line":16,"column":1}},"line":1},"2":{"name":"(anonymous_2)","decl":{"start":{"line":18,"column":15},"end":{"line":18,"column":16}},"loc":{"start":{"line":18,"column":25},"end":{"line":18,"column":56}},"line":18}},"branchMap":{},"s":{"0":6,"1":6,"2":6,"3":6,"4":6,"5":6,"6":6,"7":6,"8":6,"9":6,"10":6,"11":6,"12":6,"13":6,"14":6,"15":6},"f":{"0":6,"1":6,"2":6},"b":{},"_coverageSchema":"1a1c01bbd47fc00a2c39e90264f33305004495a9","hash":"eba0d719127217e4adf905d1866367c201bf50f7"}
,"D:\\Projects\\Pratical-studies\\ranek-api\\src\\models\\Addresses.js": {"path":"D:\\Projects\\Pratical-studies\\ranek-api\\src\\models\\Addresses.js","statementMap":{"0":{"start":{"line":13,"column":4},"end":{"line":13,"column":17}},"1":{"start":{"line":14,"column":4},"end":{"line":14,"column":27}},"2":{"start":{"line":15,"column":4},"end":{"line":15,"column":25}},"3":{"start":{"line":16,"column":4},"end":{"line":16,"column":25}},"4":{"start":{"line":17,"column":4},"end":{"line":17,"column":21}},"5":{"start":{"line":18,"column":4},"end":{"line":18,"column":23}},"6":{"start":{"line":19,"column":4},"end":{"line":19,"column":29}},"7":{"start":{"line":20,"column":4},"end":{"line":20,"column":33}},"8":{"start":{"line":21,"column":4},"end":{"line":21,"column":41}},"9":{"start":{"line":25,"column":0},"end":{"line":25,"column":27}}},"fnMap":{"0":{"name":"(anonymous_0)","decl":{"start":{"line":2,"column":2},"end":{"line":2,"column":3}},"loc":{"start":{"line":12,"column":4},"end":{"line":22,"column":3}},"line":12}},"branchMap":{},"s":{"0":7,"1":7,"2":7,"3":7,"4":7,"5":7,"6":7,"7":7,"8":7,"9":7},"f":{"0":7},"b":{},"_coverageSchema":"1a1c01bbd47fc00a2c39e90264f33305004495a9","hash":"c4003f09df2becba2d2ca127e29002c56b00aad9"}
,"D:\\Projects\\Pratical-studies\\ranek-api\\src\\models\\FieldValidator.js": {"path":"D:\\Projects\\Pratical-studies\\ranek-api\\src\\models\\FieldValidator.js","statementMap":{"0":{"start":{"line":11,"column":4},"end":{"line":11,"column":43}},"1":{"start":{"line":12,"column":4},"end":{"line":12,"column":41}},"2":{"start":{"line":13,"column":4},"end":{"line":13,"column":41}},"3":{"start":{"line":14,"column":4},"end":{"line":14,"column":31}},"4":{"start":{"line":15,"column":4},"end":{"line":15,"column":29}},"5":{"start":{"line":16,"column":4},"end":{"line":16,"column":39}},"6":{"start":{"line":17,"column":4},"end":{"line":17,"column":35}},"7":{"start":{"line":20,"column":0},"end":{"line":20,"column":32}}},"fnMap":{"0":{"name":"(anonymous_0)","decl":{"start":{"line":2,"column":2},"end":{"line":2,"column":3}},"loc":{"start":{"line":10,"column":4},"end":{"line":18,"column":3}},"line":10}},"branchMap":{},"s":{"0":343,"1":343,"2":343,"3":343,"4":343,"5":343,"6":343,"7":7},"f":{"0":343},"b":{},"_coverageSchema":"1a1c01bbd47fc00a2c39e90264f33305004495a9","hash":"5046fb0caf702e5c95f74a4fee76c46148c7c280"}
,"D:\\Projects\\Pratical-studies\\ranek-api\\src\\models\\Photos.js": {"path":"D:\\Projects\\Pratical-studies\\ranek-api\\src\\models\\Photos.js","statementMap":{"0":{"start":{"line":16,"column":4},"end":{"line":16,"column":17}},"1":{"start":{"line":17,"column":4},"end":{"line":17,"column":31}},"2":{"start":{"line":18,"column":4},"end":{"line":18,"column":37}},"3":{"start":{"line":19,"column":4},"end":{"line":19,"column":29}},"4":{"start":{"line":20,"column":4},"end":{"line":20,"column":29}},"5":{"start":{"line":21,"column":4},"end":{"line":21,"column":35}},"6":{"start":{"line":22,"column":4},"end":{"line":22,"column":29}},"7":{"start":{"line":23,"column":4},"end":{"line":23,"column":21}},"8":{"start":{"line":24,"column":4},"end":{"line":24,"column":19}},"9":{"start":{"line":25,"column":4},"end":{"line":25,"column":23}},"10":{"start":{"line":26,"column":4},"end":{"line":26,"column":33}},"11":{"start":{"line":27,"column":4},"end":{"line":27,"column":31}},"12":{"start":{"line":31,"column":0},"end":{"line":31,"column":24}}},"fnMap":{"0":{"name":"(anonymous_0)","decl":{"start":{"line":2,"column":2},"end":{"line":2,"column":3}},"loc":{"start":{"line":15,"column":4},"end":{"line":28,"column":3}},"line":15}},"branchMap":{},"s":{"0":7,"1":7,"2":7,"3":7,"4":7,"5":7,"6":7,"7":7,"8":7,"9":7,"10":7,"11":7,"12":7},"f":{"0":7},"b":{},"_coverageSchema":"1a1c01bbd47fc00a2c39e90264f33305004495a9","hash":"a7d2b659242bcdbdb9d278f7ca8a56a2d71e0028"}
,"D:\\Projects\\Pratical-studies\\ranek-api\\src\\models\\Products.js": {"path":"D:\\Projects\\Pratical-studies\\ranek-api\\src\\models\\Products.js","statementMap":{"0":{"start":{"line":13,"column":4},"end":{"line":13,"column":17}},"1":{"start":{"line":14,"column":4},"end":{"line":14,"column":25}},"2":{"start":{"line":15,"column":4},"end":{"line":15,"column":21}},"3":{"start":{"line":16,"column":4},"end":{"line":16,"column":23}},"4":{"start":{"line":17,"column":4},"end":{"line":17,"column":21}},"5":{"start":{"line":18,"column":4},"end":{"line":18,"column":35}},"6":{"start":{"line":19,"column":4},"end":{"line":19,"column":33}},"7":{"start":{"line":20,"column":4},"end":{"line":20,"column":33}},"8":{"start":{"line":21,"column":4},"end":{"line":21,"column":41}},"9":{"start":{"line":25,"column":0},"end":{"line":25,"column":26}}},"fnMap":{"0":{"name":"(anonymous_0)","decl":{"start":{"line":2,"column":2},"end":{"line":2,"column":3}},"loc":{"start":{"line":12,"column":4},"end":{"line":22,"column":3}},"line":12}},"branchMap":{"0":{"loc":{"start":{"line":19,"column":18},"end":{"line":19,"column":32}},"type":"binary-expr","locations":[{"start":{"line":19,"column":18},"end":{"line":19,"column":24}},{"start":{"line":19,"column":28},"end":{"line":19,"column":32}}],"line":19}},"s":{"0":17,"1":17,"2":17,"3":17,"4":17,"5":17,"6":17,"7":17,"8":17,"9":7},"f":{"0":17},"b":{"0":[17,10]},"_coverageSchema":"1a1c01bbd47fc00a2c39e90264f33305004495a9","hash":"a86ca07ab36160068a9360d6878ddafe7910665a"}
,"D:\\Projects\\Pratical-studies\\ranek-api\\src\\models\\Transactions.js": {"path":"D:\\Projects\\Pratical-studies\\ranek-api\\src\\models\\Transactions.js","statementMap":{"0":{"start":{"line":10,"column":4},"end":{"line":10,"column":17}},"1":{"start":{"line":11,"column":4},"end":{"line":11,"column":27}},"2":{"start":{"line":12,"column":4},"end":{"line":12,"column":31}},"3":{"start":{"line":13,"column":4},"end":{"line":13,"column":31}},"4":{"start":{"line":14,"column":4},"end":{"line":14,"column":33}},"5":{"start":{"line":15,"column":4},"end":{"line":15,"column":41}},"6":{"start":{"line":19,"column":0},"end":{"line":19,"column":30}}},"fnMap":{"0":{"name":"(anonymous_0)","decl":{"start":{"line":2,"column":2},"end":{"line":2,"column":3}},"loc":{"start":{"line":9,"column":4},"end":{"line":16,"column":3}},"line":9}},"branchMap":{},"s":{"0":7,"1":7,"2":7,"3":7,"4":7,"5":7,"6":7},"f":{"0":7},"b":{},"_coverageSchema":"1a1c01bbd47fc00a2c39e90264f33305004495a9","hash":"4df8339dcbf84b677110f7cfc77ed9b267de8a53"}
,"D:\\Projects\\Pratical-studies\\ranek-api\\src\\models\\Users.js": {"path":"D:\\Projects\\Pratical-studies\\ranek-api\\src\\models\\Users.js","statementMap":{"0":{"start":{"line":17,"column":4},"end":{"line":17,"column":17}},"1":{"start":{"line":18,"column":4},"end":{"line":18,"column":21}},"2":{"start":{"line":19,"column":4},"end":{"line":19,"column":23}},"3":{"start":{"line":20,"column":4},"end":{"line":20,"column":29}},"4":{"start":{"line":21,"column":4},"end":{"line":21,"column":27}},"5":{"start":{"line":22,"column":4},"end":{"line":22,"column":25}},"6":{"start":{"line":23,"column":4},"end":{"line":23,"column":25}},"7":{"start":{"line":24,"column":4},"end":{"line":24,"column":21}},"8":{"start":{"line":25,"column":4},"end":{"line":25,"column":23}},"9":{"start":{"line":26,"column":4},"end":{"line":26,"column":29}},"10":{"start":{"line":27,"column":4},"end":{"line":27,"column":25}},"11":{"start":{"line":28,"column":4},"end":{"line":28,"column":33}},"12":{"start":{"line":29,"column":4},"end":{"line":29,"column":41}},"13":{"start":{"line":33,"column":0},"end":{"line":33,"column":23}}},"fnMap":{"0":{"name":"(anonymous_0)","decl":{"start":{"line":2,"column":2},"end":{"line":2,"column":3}},"loc":{"start":{"line":16,"column":4},"end":{"line":30,"column":3}},"line":16}},"branchMap":{},"s":{"0":7,"1":7,"2":7,"3":7,"4":7,"5":7,"6":7,"7":7,"8":7,"9":7,"10":7,"11":7,"12":7,"13":7},"f":{"0":7},"b":{},"_coverageSchema":"1a1c01bbd47fc00a2c39e90264f33305004495a9","hash":"451bc0451fd533daf1c1070904413e6d4a48015d"}
,"D:\\Projects\\Pratical-studies\\ranek-api\\src\\routes\\addresses.js": {"path":"D:\\Projects\\Pratical-studies\\ranek-api\\src\\routes\\addresses.js","statementMap":{"0":{"start":{"line":1,"column":19},"end":{"line":1,"column":37}},"1":{"start":{"line":3,"column":0},"end":{"line":44,"column":2}},"2":{"start":{"line":4,"column":17},"end":{"line":4,"column":25}},"3":{"start":{"line":6,"column":2},"end":{"line":13,"column":5}},"4":{"start":{"line":7,"column":4},"end":{"line":12,"column":5}},"5":{"start":{"line":8,"column":21},"end":{"line":8,"column":78}},"6":{"start":{"line":9,"column":6},"end":{"line":9,"column":42}},"7":{"start":{"line":11,"column":6},"end":{"line":11,"column":25}},"8":{"start":{"line":15,"column":2},"end":{"line":22,"column":5}},"9":{"start":{"line":16,"column":4},"end":{"line":21,"column":5}},"10":{"start":{"line":17,"column":21},"end":{"line":17,"column":69}},"11":{"start":{"line":18,"column":6},"end":{"line":18,"column":45}},"12":{"start":{"line":20,"column":6},"end":{"line":20,"column":25}},"13":{"start":{"line":24,"column":2},"end":{"line":32,"column":5}},"14":{"start":{"line":25,"column":4},"end":{"line":31,"column":5}},"15":{"start":{"line":26,"column":21},"end":{"line":27,"column":65}},"16":{"start":{"line":28,"column":6},"end":{"line":28,"column":45}},"17":{"start":{"line":30,"column":6},"end":{"line":30,"column":25}},"18":{"start":{"line":34,"column":2},"end":{"line":41,"column":5}},"19":{"start":{"line":35,"column":4},"end":{"line":40,"column":5}},"20":{"start":{"line":36,"column":21},"end":{"line":36,"column":83}},"21":{"start":{"line":37,"column":6},"end":{"line":37,"column":45}},"22":{"start":{"line":39,"column":6},"end":{"line":39,"column":25}},"23":{"start":{"line":43,"column":2},"end":{"line":43,"column":16}}},"fnMap":{"0":{"name":"(anonymous_0)","decl":{"start":{"line":3,"column":17},"end":{"line":3,"column":18}},"loc":{"start":{"line":3,"column":26},"end":{"line":44,"column":1}},"line":3},"1":{"name":"(anonymous_1)","decl":{"start":{"line":6,"column":21},"end":{"line":6,"column":22}},"loc":{"start":{"line":6,"column":47},"end":{"line":13,"column":3}},"line":6},"2":{"name":"(anonymous_2)","decl":{"start":{"line":15,"column":19},"end":{"line":15,"column":20}},"loc":{"start":{"line":15,"column":45},"end":{"line":22,"column":3}},"line":15},"3":{"name":"(anonymous_3)","decl":{"start":{"line":24,"column":21},"end":{"line":24,"column":22}},"loc":{"start":{"line":24,"column":47},"end":{"line":32,"column":3}},"line":24},"4":{"name":"(anonymous_4)","decl":{"start":{"line":34,"column":24},"end":{"line":34,"column":25}},"loc":{"start":{"line":34,"column":50},"end":{"line":41,"column":3}},"line":34}},"branchMap":{},"s":{"0":7,"1":7,"2":7,"3":7,"4":1,"5":1,"6":1,"7":0,"8":7,"9":19,"10":19,"11":1,"12":18,"13":7,"14":19,"15":19,"16":1,"17":18,"18":7,"19":2,"20":2,"21":1,"22":1,"23":7},"f":{"0":7,"1":1,"2":19,"3":19,"4":2},"b":{},"_coverageSchema":"1a1c01bbd47fc00a2c39e90264f33305004495a9","hash":"d4ce0fae27acf7043ec3d08c7daebf071242ff77"}
,"D:\\Projects\\Pratical-studies\\ranek-api\\src\\routes\\auth.js": {"path":"D:\\Projects\\Pratical-studies\\ranek-api\\src\\routes\\auth.js","statementMap":{"0":{"start":{"line":1,"column":15},"end":{"line":1,"column":34}},"1":{"start":{"line":2,"column":12},"end":{"line":2,"column":33}},"2":{"start":{"line":3,"column":16},"end":{"line":3,"column":34}},"3":{"start":{"line":4,"column":0},"end":{"line":4,"column":27}},"4":{"start":{"line":6,"column":25},"end":{"line":6,"column":59}},"5":{"start":{"line":8,"column":0},"end":{"line":40,"column":2}},"6":{"start":{"line":9,"column":17},"end":{"line":9,"column":33}},"7":{"start":{"line":10,"column":2},"end":{"line":29,"column":5}},"8":{"start":{"line":11,"column":4},"end":{"line":28,"column":5}},"9":{"start":{"line":12,"column":6},"end":{"line":12,"column":83}},"10":{"start":{"line":12,"column":27},"end":{"line":12,"column":83}},"11":{"start":{"line":13,"column":19},"end":{"line":13,"column":77}},"12":{"start":{"line":15,"column":6},"end":{"line":15,"column":73}},"13":{"start":{"line":15,"column":17},"end":{"line":15,"column":73}},"14":{"start":{"line":16,"column":6},"end":{"line":23,"column":7}},"15":{"start":{"line":17,"column":8},"end":{"line":20,"column":10}},"16":{"start":{"line":22,"column":8},"end":{"line":22,"column":64}},"17":{"start":{"line":24,"column":20},"end":{"line":24,"column":59}},"18":{"start":{"line":25,"column":6},"end":{"line":25,"column":45}},"19":{"start":{"line":27,"column":6},"end":{"line":27,"column":25}},"20":{"start":{"line":31,"column":2},"end":{"line":38,"column":5}},"21":{"start":{"line":32,"column":4},"end":{"line":37,"column":5}},"22":{"start":{"line":33,"column":19},"end":{"line":33,"column":57}},"23":{"start":{"line":34,"column":6},"end":{"line":34,"column":43}},"24":{"start":{"line":36,"column":6},"end":{"line":36,"column":25}},"25":{"start":{"line":39,"column":2},"end":{"line":39,"column":16}}},"fnMap":{"0":{"name":"(anonymous_0)","decl":{"start":{"line":8,"column":17},"end":{"line":8,"column":18}},"loc":{"start":{"line":8,"column":26},"end":{"line":40,"column":1}},"line":8},"1":{"name":"(anonymous_1)","decl":{"start":{"line":10,"column":25},"end":{"line":10,"column":26}},"loc":{"start":{"line":10,"column":51},"end":{"line":29,"column":3}},"line":10},"2":{"name":"(anonymous_2)","decl":{"start":{"line":31,"column":25},"end":{"line":31,"column":26}},"loc":{"start":{"line":31,"column":51},"end":{"line":38,"column":3}},"line":31}},"branchMap":{"0":{"loc":{"start":{"line":12,"column":6},"end":{"line":12,"column":83}},"type":"if","locations":[{"start":{"line":12,"column":6},"end":{"line":12,"column":83}},{"start":{},"end":{}}],"line":12},"1":{"loc":{"start":{"line":15,"column":6},"end":{"line":15,"column":73}},"type":"if","locations":[{"start":{"line":15,"column":6},"end":{"line":15,"column":73}},{"start":{},"end":{}}],"line":15},"2":{"loc":{"start":{"line":16,"column":6},"end":{"line":23,"column":7}},"type":"if","locations":[{"start":{"line":16,"column":6},"end":{"line":23,"column":7}},{"start":{"line":21,"column":13},"end":{"line":23,"column":7}}],"line":16}},"s":{"0":7,"1":7,"2":7,"3":7,"4":7,"5":7,"6":7,"7":7,"8":5,"9":5,"10":1,"11":4,"12":4,"13":2,"14":2,"15":1,"16":1,"17":1,"18":1,"19":4,"20":7,"21":1,"22":1,"23":1,"24":0,"25":7},"f":{"0":7,"1":5,"2":1},"b":{"0":[1,4],"1":[2,2],"2":[1,1]},"_coverageSchema":"1a1c01bbd47fc00a2c39e90264f33305004495a9","hash":"ccc9a2823fac9096265cb8f7f608d0858073cb12"}
,"D:\\Projects\\Pratical-studies\\ranek-api\\src\\routes\\photos.js": {"path":"D:\\Projects\\Pratical-studies\\ranek-api\\src\\routes\\photos.js","statementMap":{"0":{"start":{"line":1,"column":19},"end":{"line":1,"column":37}},"1":{"start":{"line":2,"column":15},"end":{"line":2,"column":32}},"2":{"start":{"line":4,"column":21},"end":{"line":4,"column":48}},"3":{"start":{"line":6,"column":16},"end":{"line":6,"column":51}},"4":{"start":{"line":8,"column":0},"end":{"line":46,"column":2}},"5":{"start":{"line":9,"column":17},"end":{"line":9,"column":25}},"6":{"start":{"line":12,"column":2},"end":{"line":19,"column":5}},"7":{"start":{"line":13,"column":4},"end":{"line":18,"column":5}},"8":{"start":{"line":14,"column":21},"end":{"line":14,"column":83}},"9":{"start":{"line":15,"column":6},"end":{"line":15,"column":42}},"10":{"start":{"line":17,"column":6},"end":{"line":17,"column":25}},"11":{"start":{"line":21,"column":2},"end":{"line":28,"column":5}},"12":{"start":{"line":22,"column":4},"end":{"line":27,"column":5}},"13":{"start":{"line":23,"column":21},"end":{"line":23,"column":90}},"14":{"start":{"line":24,"column":6},"end":{"line":24,"column":42}},"15":{"start":{"line":26,"column":6},"end":{"line":26,"column":25}},"16":{"start":{"line":30,"column":2},"end":{"line":43,"column":5}},"17":{"start":{"line":31,"column":4},"end":{"line":42,"column":5}},"18":{"start":{"line":34,"column":27},"end":{"line":35,"column":70}},"19":{"start":{"line":39,"column":6},"end":{"line":39,"column":36}},"20":{"start":{"line":41,"column":6},"end":{"line":41,"column":25}},"21":{"start":{"line":45,"column":2},"end":{"line":45,"column":16}}},"fnMap":{"0":{"name":"(anonymous_0)","decl":{"start":{"line":8,"column":17},"end":{"line":8,"column":18}},"loc":{"start":{"line":8,"column":26},"end":{"line":46,"column":1}},"line":8},"1":{"name":"(anonymous_1)","decl":{"start":{"line":12,"column":28},"end":{"line":12,"column":29}},"loc":{"start":{"line":12,"column":54},"end":{"line":19,"column":3}},"line":12},"2":{"name":"(anonymous_2)","decl":{"start":{"line":21,"column":21},"end":{"line":21,"column":22}},"loc":{"start":{"line":21,"column":47},"end":{"line":28,"column":3}},"line":21},"3":{"name":"(anonymous_3)","decl":{"start":{"line":30,"column":24},"end":{"line":30,"column":25}},"loc":{"start":{"line":30,"column":50},"end":{"line":43,"column":3}},"line":30}},"branchMap":{},"s":{"0":7,"1":7,"2":7,"3":7,"4":7,"5":7,"6":7,"7":0,"8":0,"9":0,"10":0,"11":7,"12":1,"13":1,"14":1,"15":0,"16":7,"17":2,"18":2,"19":1,"20":1,"21":7},"f":{"0":7,"1":0,"2":1,"3":2},"b":{},"_coverageSchema":"1a1c01bbd47fc00a2c39e90264f33305004495a9","hash":"ee035379b37030b9ca21602db8448d7edabcc307"}
,"D:\\Projects\\Pratical-studies\\ranek-api\\src\\routes\\products.js": {"path":"D:\\Projects\\Pratical-studies\\ranek-api\\src\\routes\\products.js","statementMap":{"0":{"start":{"line":1,"column":19},"end":{"line":1,"column":37}},"1":{"start":{"line":2,"column":11},"end":{"line":2,"column":24}},"2":{"start":{"line":3,"column":15},"end":{"line":3,"column":32}},"3":{"start":{"line":4,"column":21},"end":{"line":4,"column":48}},"4":{"start":{"line":5,"column":17},"end":{"line":5,"column":46}},"5":{"start":{"line":7,"column":16},"end":{"line":7,"column":51}},"6":{"start":{"line":9,"column":0},"end":{"line":119,"column":2}},"7":{"start":{"line":10,"column":17},"end":{"line":10,"column":25}},"8":{"start":{"line":12,"column":26},"end":{"line":25,"column":3}},"9":{"start":{"line":13,"column":26},"end":{"line":13,"column":34}},"10":{"start":{"line":14,"column":4},"end":{"line":20,"column":7}},"11":{"start":{"line":15,"column":6},"end":{"line":19,"column":7}},"12":{"start":{"line":16,"column":8},"end":{"line":16,"column":47}},"13":{"start":{"line":18,"column":8},"end":{"line":18,"column":35}},"14":{"start":{"line":21,"column":4},"end":{"line":22,"column":37}},"15":{"start":{"line":23,"column":44},"end":{"line":23,"column":57}},"16":{"start":{"line":24,"column":4},"end":{"line":24,"column":23}},"17":{"start":{"line":27,"column":2},"end":{"line":51,"column":5}},"18":{"start":{"line":28,"column":4},"end":{"line":50,"column":5}},"19":{"start":{"line":29,"column":19},"end":{"line":29,"column":21}},"20":{"start":{"line":30,"column":27},"end":{"line":30,"column":28}},"21":{"start":{"line":31,"column":26},"end":{"line":31,"column":27}},"22":{"start":{"line":34,"column":10},"end":{"line":34,"column":29}},"23":{"start":{"line":35,"column":6},"end":{"line":35,"column":74}},"24":{"start":{"line":35,"column":18},"end":{"line":35,"column":74}},"25":{"start":{"line":36,"column":6},"end":{"line":36,"column":80}},"26":{"start":{"line":36,"column":32},"end":{"line":36,"column":80}},"27":{"start":{"line":37,"column":6},"end":{"line":37,"column":78}},"28":{"start":{"line":37,"column":20},"end":{"line":37,"column":78}},"29":{"start":{"line":38,"column":6},"end":{"line":38,"column":65}},"30":{"start":{"line":39,"column":6},"end":{"line":46,"column":7}},"31":{"start":{"line":40,"column":25},"end":{"line":40,"column":29}},"32":{"start":{"line":41,"column":30},"end":{"line":41,"column":35}},"33":{"start":{"line":42,"column":8},"end":{"line":42,"column":44}},"34":{"start":{"line":42,"column":19},"end":{"line":42,"column":44}},"35":{"start":{"line":43,"column":8},"end":{"line":43,"column":51}},"36":{"start":{"line":43,"column":20},"end":{"line":43,"column":51}},"37":{"start":{"line":44,"column":8},"end":{"line":45,"column":97}},"38":{"start":{"line":47,"column":6},"end":{"line":47,"column":42}},"39":{"start":{"line":49,"column":6},"end":{"line":49,"column":25}},"40":{"start":{"line":54,"column":2},"end":{"line":61,"column":5}},"41":{"start":{"line":55,"column":4},"end":{"line":60,"column":5}},"42":{"start":{"line":56,"column":21},"end":{"line":56,"column":92}},"43":{"start":{"line":57,"column":6},"end":{"line":57,"column":42}},"44":{"start":{"line":59,"column":6},"end":{"line":59,"column":25}},"45":{"start":{"line":63,"column":2},"end":{"line":81,"column":5}},"46":{"start":{"line":64,"column":4},"end":{"line":80,"column":5}},"47":{"start":{"line":65,"column":22},"end":{"line":65,"column":36}},"48":{"start":{"line":68,"column":10},"end":{"line":68,"column":17}},"49":{"start":{"line":70,"column":6},"end":{"line":76,"column":7}},"50":{"start":{"line":71,"column":8},"end":{"line":71,"column":89}},"51":{"start":{"line":73,"column":28},"end":{"line":73,"column":85}},"52":{"start":{"line":74,"column":8},"end":{"line":74,"column":90}},"53":{"start":{"line":75,"column":8},"end":{"line":75,"column":66}},"54":{"start":{"line":77,"column":6},"end":{"line":77,"column":42}},"55":{"start":{"line":79,"column":6},"end":{"line":79,"column":25}},"56":{"start":{"line":83,"column":2},"end":{"line":107,"column":5}},"57":{"start":{"line":84,"column":4},"end":{"line":106,"column":5}},"58":{"start":{"line":86,"column":6},"end":{"line":102,"column":7}},"59":{"start":{"line":87,"column":8},"end":{"line":89,"column":11}},"60":{"start":{"line":91,"column":25},"end":{"line":91,"column":96}},"61":{"start":{"line":92,"column":30},"end":{"line":92,"column":76}},"62":{"start":{"line":93,"column":8},"end":{"line":96,"column":11}},"63":{"start":{"line":94,"column":10},"end":{"line":94,"column":47}},"64":{"start":{"line":94,"column":33},"end":{"line":94,"column":45}},"65":{"start":{"line":95,"column":10},"end":{"line":95,"column":29}},"66":{"start":{"line":97,"column":8},"end":{"line":97,"column":38}},"67":{"start":{"line":98,"column":8},"end":{"line":100,"column":11}},"68":{"start":{"line":101,"column":8},"end":{"line":101,"column":66}},"69":{"start":{"line":103,"column":6},"end":{"line":103,"column":45}},"70":{"start":{"line":105,"column":6},"end":{"line":105,"column":25}},"71":{"start":{"line":109,"column":2},"end":{"line":116,"column":5}},"72":{"start":{"line":110,"column":4},"end":{"line":115,"column":5}},"73":{"start":{"line":111,"column":21},"end":{"line":111,"column":96}},"74":{"start":{"line":112,"column":6},"end":{"line":112,"column":45}},"75":{"start":{"line":114,"column":6},"end":{"line":114,"column":25}},"76":{"start":{"line":118,"column":2},"end":{"line":118,"column":16}}},"fnMap":{"0":{"name":"(anonymous_0)","decl":{"start":{"line":9,"column":17},"end":{"line":9,"column":18}},"loc":{"start":{"line":9,"column":26},"end":{"line":119,"column":1}},"line":9},"1":{"name":"(anonymous_1)","decl":{"start":{"line":12,"column":26},"end":{"line":12,"column":27}},"loc":{"start":{"line":12,"column":59},"end":{"line":25,"column":3}},"line":12},"2":{"name":"(anonymous_2)","decl":{"start":{"line":14,"column":33},"end":{"line":14,"column":34}},"loc":{"start":{"line":14,"column":51},"end":{"line":20,"column":5}},"line":14},"3":{"name":"(anonymous_3)","decl":{"start":{"line":27,"column":18},"end":{"line":27,"column":19}},"loc":{"start":{"line":27,"column":44},"end":{"line":51,"column":3}},"line":27},"4":{"name":"(anonymous_4)","decl":{"start":{"line":54,"column":21},"end":{"line":54,"column":22}},"loc":{"start":{"line":54,"column":47},"end":{"line":61,"column":3}},"line":54},"5":{"name":"(anonymous_5)","decl":{"start":{"line":63,"column":28},"end":{"line":63,"column":29}},"loc":{"start":{"line":63,"column":54},"end":{"line":81,"column":3}},"line":63},"6":{"name":"(anonymous_6)","decl":{"start":{"line":83,"column":30},"end":{"line":83,"column":31}},"loc":{"start":{"line":83,"column":56},"end":{"line":107,"column":3}},"line":83},"7":{"name":"(anonymous_7)","decl":{"start":{"line":93,"column":37},"end":{"line":93,"column":38}},"loc":{"start":{"line":93,"column":48},"end":{"line":96,"column":9}},"line":93},"8":{"name":"(anonymous_8)","decl":{"start":{"line":109,"column":24},"end":{"line":109,"column":25}},"loc":{"start":{"line":109,"column":50},"end":{"line":116,"column":3}},"line":109}},"branchMap":{"0":{"loc":{"start":{"line":35,"column":6},"end":{"line":35,"column":74}},"type":"if","locations":[{"start":{"line":35,"column":6},"end":{"line":35,"column":74}},{"start":{},"end":{}}],"line":35},"1":{"loc":{"start":{"line":36,"column":6},"end":{"line":36,"column":80}},"type":"if","locations":[{"start":{"line":36,"column":6},"end":{"line":36,"column":80}},{"start":{},"end":{}}],"line":36},"2":{"loc":{"start":{"line":36,"column":10},"end":{"line":36,"column":30}},"type":"binary-expr","locations":[{"start":{"line":36,"column":10},"end":{"line":36,"column":19}},{"start":{"line":36,"column":23},"end":{"line":36,"column":30}}],"line":36},"3":{"loc":{"start":{"line":37,"column":6},"end":{"line":37,"column":78}},"type":"if","locations":[{"start":{"line":37,"column":6},"end":{"line":37,"column":78}},{"start":{},"end":{}}],"line":37},"4":{"loc":{"start":{"line":39,"column":6},"end":{"line":46,"column":7}},"type":"if","locations":[{"start":{"line":39,"column":6},"end":{"line":46,"column":7}},{"start":{},"end":{}}],"line":39},"5":{"loc":{"start":{"line":39,"column":10},"end":{"line":39,"column":23}},"type":"binary-expr","locations":[{"start":{"line":39,"column":10},"end":{"line":39,"column":14}},{"start":{"line":39,"column":18},"end":{"line":39,"column":23}}],"line":39},"6":{"loc":{"start":{"line":42,"column":8},"end":{"line":42,"column":44}},"type":"if","locations":[{"start":{"line":42,"column":8},"end":{"line":42,"column":44}},{"start":{},"end":{}}],"line":42},"7":{"loc":{"start":{"line":43,"column":8},"end":{"line":43,"column":51}},"type":"if","locations":[{"start":{"line":43,"column":8},"end":{"line":43,"column":51}},{"start":{},"end":{}}],"line":43},"8":{"loc":{"start":{"line":70,"column":6},"end":{"line":76,"column":7}},"type":"if","locations":[{"start":{"line":70,"column":6},"end":{"line":76,"column":7}},{"start":{"line":72,"column":13},"end":{"line":76,"column":7}}],"line":70},"9":{"loc":{"start":{"line":86,"column":6},"end":{"line":102,"column":7}},"type":"if","locations":[{"start":{"line":86,"column":6},"end":{"line":102,"column":7}},{"start":{"line":90,"column":13},"end":{"line":102,"column":7}}],"line":86},"10":{"loc":{"start":{"line":94,"column":10},"end":{"line":94,"column":47}},"type":"if","locations":[{"start":{"line":94,"column":10},"end":{"line":94,"column":47}},{"start":{},"end":{}}],"line":94}},"s":{"0":7,"1":7,"2":7,"3":7,"4":7,"5":7,"6":7,"7":7,"8":7,"9":0,"10":0,"11":0,"12":0,"13":0,"14":0,"15":0,"16":0,"17":7,"18":7,"19":7,"20":7,"21":7,"22":7,"23":7,"24":1,"25":7,"26":5,"27":7,"28":1,"29":7,"30":7,"31":4,"32":4,"33":4,"34":1,"35":4,"36":1,"37":4,"38":7,"39":0,"40":7,"41":2,"42":2,"43":1,"44":1,"45":7,"46":10,"47":10,"48":10,"49":10,"50":10,"51":0,"52":0,"53":0,"54":2,"55":8,"56":7,"57":13,"58":13,"59":13,"60":0,"61":0,"62":0,"63":0,"64":0,"65":0,"66":0,"67":0,"68":0,"69":1,"70":12,"71":7,"72":5,"73":5,"74":2,"75":3,"76":7},"f":{"0":7,"1":0,"2":0,"3":7,"4":2,"5":10,"6":13,"7":0,"8":5},"b":{"0":[1,6],"1":[5,2],"2":[7,6],"3":[1,6],"4":[4,3],"5":[7,4],"6":[1,3],"7":[1,3],"8":[10,0],"9":[13,0],"10":[0,0]},"_coverageSchema":"1a1c01bbd47fc00a2c39e90264f33305004495a9","hash":"186c8bcbd288a92581c4eb4ab2c21b5a403250e3"}
,"D:\\Projects\\Pratical-studies\\ranek-api\\src\\routes\\transactions.js": {"path":"D:\\Projects\\Pratical-studies\\ranek-api\\src\\routes\\transactions.js","statementMap":{"0":{"start":{"line":1,"column":19},"end":{"line":1,"column":37}},"1":{"start":{"line":2,"column":25},"end":{"line":2,"column":59}},"2":{"start":{"line":4,"column":0},"end":{"line":88,"column":2}},"3":{"start":{"line":5,"column":17},"end":{"line":5,"column":25}},"4":{"start":{"line":7,"column":25},"end":{"line":14,"column":3}},"5":{"start":{"line":8,"column":22},"end":{"line":8,"column":73}},"6":{"start":{"line":9,"column":20},"end":{"line":9,"column":73}},"7":{"start":{"line":10,"column":24},"end":{"line":12,"column":5}},"8":{"start":{"line":13,"column":4},"end":{"line":13,"column":45}},"9":{"start":{"line":19,"column":8},"end":{"line":19,"column":18}},"10":{"start":{"line":20,"column":21},"end":{"line":22,"column":5}},"11":{"start":{"line":23,"column":4},"end":{"line":23,"column":20}},"12":{"start":{"line":26,"column":2},"end":{"line":36,"column":5}},"13":{"start":{"line":27,"column":4},"end":{"line":35,"column":5}},"14":{"start":{"line":28,"column":21},"end":{"line":28,"column":96}},"15":{"start":{"line":29,"column":22},"end":{"line":29,"column":82}},"16":{"start":{"line":30,"column":22},"end":{"line":30,"column":82}},"17":{"start":{"line":31,"column":23},"end":{"line":31,"column":60}},"18":{"start":{"line":32,"column":6},"end":{"line":32,"column":44}},"19":{"start":{"line":34,"column":6},"end":{"line":34,"column":25}},"20":{"start":{"line":38,"column":2},"end":{"line":50,"column":5}},"21":{"start":{"line":39,"column":4},"end":{"line":49,"column":5}},"22":{"start":{"line":40,"column":6},"end":{"line":40,"column":117}},"23":{"start":{"line":40,"column":48},"end":{"line":40,"column":117}},"24":{"start":{"line":43,"column":10},"end":{"line":43,"column":81}},"25":{"start":{"line":44,"column":23},"end":{"line":44,"column":87}},"26":{"start":{"line":45,"column":23},"end":{"line":45,"column":60}},"27":{"start":{"line":46,"column":6},"end":{"line":46,"column":44}},"28":{"start":{"line":48,"column":6},"end":{"line":48,"column":25}},"29":{"start":{"line":52,"column":2},"end":{"line":68,"column":5}},"30":{"start":{"line":53,"column":4},"end":{"line":67,"column":5}},"31":{"start":{"line":54,"column":6},"end":{"line":54,"column":117}},"32":{"start":{"line":54,"column":48},"end":{"line":54,"column":117}},"33":{"start":{"line":57,"column":10},"end":{"line":57,"column":71}},"34":{"start":{"line":58,"column":24},"end":{"line":58,"column":97}},"35":{"start":{"line":59,"column":22},"end":{"line":59,"column":84}},"36":{"start":{"line":60,"column":23},"end":{"line":62,"column":24}},"37":{"start":{"line":63,"column":23},"end":{"line":63,"column":60}},"38":{"start":{"line":64,"column":6},"end":{"line":64,"column":44}},"39":{"start":{"line":66,"column":6},"end":{"line":66,"column":25}},"40":{"start":{"line":70,"column":2},"end":{"line":85,"column":5}},"41":{"start":{"line":71,"column":4},"end":{"line":84,"column":5}},"42":{"start":{"line":77,"column":10},"end":{"line":77,"column":71}},"43":{"start":{"line":78,"column":29},"end":{"line":78,"column":70}},"44":{"start":{"line":79,"column":6},"end":{"line":79,"column":88}},"45":{"start":{"line":79,"column":30},"end":{"line":79,"column":88}},"46":{"start":{"line":80,"column":6},"end":{"line":80,"column":51}},"47":{"start":{"line":80,"column":26},"end":{"line":80,"column":51}},"48":{"start":{"line":81,"column":6},"end":{"line":81,"column":44}},"49":{"start":{"line":83,"column":6},"end":{"line":83,"column":25}},"50":{"start":{"line":87,"column":2},"end":{"line":87,"column":16}}},"fnMap":{"0":{"name":"(anonymous_0)","decl":{"start":{"line":4,"column":17},"end":{"line":4,"column":18}},"loc":{"start":{"line":4,"column":26},"end":{"line":88,"column":1}},"line":4},"1":{"name":"(anonymous_1)","decl":{"start":{"line":7,"column":25},"end":{"line":7,"column":26}},"loc":{"start":{"line":7,"column":67},"end":{"line":14,"column":3}},"line":7},"2":{"name":"setResponse","decl":{"start":{"line":16,"column":11},"end":{"line":16,"column":22}},"loc":{"start":{"line":16,"column":53},"end":{"line":24,"column":3}},"line":16},"3":{"name":"(anonymous_3)","decl":{"start":{"line":26,"column":21},"end":{"line":26,"column":22}},"loc":{"start":{"line":26,"column":47},"end":{"line":36,"column":3}},"line":26},"4":{"name":"(anonymous_4)","decl":{"start":{"line":38,"column":19},"end":{"line":38,"column":20}},"loc":{"start":{"line":38,"column":45},"end":{"line":50,"column":3}},"line":38},"5":{"name":"(anonymous_5)","decl":{"start":{"line":52,"column":21},"end":{"line":52,"column":22}},"loc":{"start":{"line":52,"column":47},"end":{"line":68,"column":3}},"line":52},"6":{"name":"(anonymous_6)","decl":{"start":{"line":70,"column":24},"end":{"line":70,"column":25}},"loc":{"start":{"line":70,"column":50},"end":{"line":85,"column":3}},"line":70}},"branchMap":{"0":{"loc":{"start":{"line":40,"column":6},"end":{"line":40,"column":117}},"type":"if","locations":[{"start":{"line":40,"column":6},"end":{"line":40,"column":117}},{"start":{},"end":{}}],"line":40},"1":{"loc":{"start":{"line":54,"column":6},"end":{"line":54,"column":117}},"type":"if","locations":[{"start":{"line":54,"column":6},"end":{"line":54,"column":117}},{"start":{},"end":{}}],"line":54},"2":{"loc":{"start":{"line":79,"column":6},"end":{"line":79,"column":88}},"type":"if","locations":[{"start":{"line":79,"column":6},"end":{"line":79,"column":88}},{"start":{},"end":{}}],"line":79},"3":{"loc":{"start":{"line":80,"column":6},"end":{"line":80,"column":51}},"type":"if","locations":[{"start":{"line":80,"column":6},"end":{"line":80,"column":51}},{"start":{},"end":{}}],"line":80}},"s":{"0":7,"1":7,"2":7,"3":7,"4":7,"5":5,"6":4,"7":2,"8":2,"9":3,"10":3,"11":3,"12":7,"13":1,"14":1,"15":1,"16":1,"17":1,"18":1,"19":0,"20":7,"21":6,"22":6,"23":1,"24":5,"25":2,"26":1,"27":1,"28":5,"29":7,"30":5,"31":5,"32":1,"33":4,"34":4,"35":4,"36":2,"37":1,"38":1,"39":4,"40":7,"41":1,"42":1,"43":1,"44":1,"45":1,"46":1,"47":1,"48":1,"49":0,"50":7},"f":{"0":7,"1":5,"2":3,"3":1,"4":6,"5":5,"6":1},"b":{"0":[1,5],"1":[1,4],"2":[1,0],"3":[1,0]},"_coverageSchema":"1a1c01bbd47fc00a2c39e90264f33305004495a9","hash":"be0d8754bd6b58d4cc47ddd6fd390130fda81224"}
,"D:\\Projects\\Pratical-studies\\ranek-api\\src\\routes\\users.js": {"path":"D:\\Projects\\Pratical-studies\\ranek-api\\src\\routes\\users.js","statementMap":{"0":{"start":{"line":1,"column":19},"end":{"line":1,"column":37}},"1":{"start":{"line":3,"column":0},"end":{"line":34,"column":2}},"2":{"start":{"line":4,"column":17},"end":{"line":4,"column":25}},"3":{"start":{"line":5,"column":2},"end":{"line":12,"column":5}},"4":{"start":{"line":6,"column":4},"end":{"line":11,"column":5}},"5":{"start":{"line":7,"column":20},"end":{"line":7,"column":53}},"6":{"start":{"line":8,"column":6},"end":{"line":8,"column":41}},"7":{"start":{"line":10,"column":6},"end":{"line":10,"column":25}},"8":{"start":{"line":14,"column":2},"end":{"line":22,"column":5}},"9":{"start":{"line":15,"column":4},"end":{"line":21,"column":5}},"10":{"start":{"line":16,"column":21},"end":{"line":16,"column":59}},"11":{"start":{"line":17,"column":6},"end":{"line":17,"column":60}},"12":{"start":{"line":17,"column":24},"end":{"line":17,"column":60}},"13":{"start":{"line":18,"column":6},"end":{"line":18,"column":45}},"14":{"start":{"line":20,"column":6},"end":{"line":20,"column":25}},"15":{"start":{"line":24,"column":2},"end":{"line":31,"column":5}},"16":{"start":{"line":25,"column":4},"end":{"line":30,"column":5}},"17":{"start":{"line":26,"column":21},"end":{"line":26,"column":76}},"18":{"start":{"line":27,"column":6},"end":{"line":27,"column":45}},"19":{"start":{"line":29,"column":6},"end":{"line":29,"column":25}},"20":{"start":{"line":33,"column":2},"end":{"line":33,"column":16}}},"fnMap":{"0":{"name":"(anonymous_0)","decl":{"start":{"line":3,"column":17},"end":{"line":3,"column":18}},"loc":{"start":{"line":3,"column":26},"end":{"line":34,"column":1}},"line":3},"1":{"name":"(anonymous_1)","decl":{"start":{"line":5,"column":18},"end":{"line":5,"column":19}},"loc":{"start":{"line":5,"column":44},"end":{"line":12,"column":3}},"line":5},"2":{"name":"(anonymous_2)","decl":{"start":{"line":14,"column":19},"end":{"line":14,"column":20}},"loc":{"start":{"line":14,"column":45},"end":{"line":22,"column":3}},"line":14},"3":{"name":"(anonymous_3)","decl":{"start":{"line":24,"column":21},"end":{"line":24,"column":22}},"loc":{"start":{"line":24,"column":47},"end":{"line":31,"column":3}},"line":24}},"branchMap":{"0":{"loc":{"start":{"line":17,"column":6},"end":{"line":17,"column":60}},"type":"if","locations":[{"start":{"line":17,"column":6},"end":{"line":17,"column":60}},{"start":{},"end":{}}],"line":17}},"s":{"0":7,"1":7,"2":7,"3":7,"4":1,"5":1,"6":1,"7":0,"8":7,"9":17,"10":17,"11":2,"12":0,"13":2,"14":15,"15":7,"16":33,"17":33,"18":2,"19":31,"20":7},"f":{"0":7,"1":1,"2":17,"3":33},"b":{"0":[0,2]},"_coverageSchema":"1a1c01bbd47fc00a2c39e90264f33305004495a9","hash":"adf4757b85ce189d34ccb3e6020248250469bece"}
,"D:\\Projects\\Pratical-studies\\ranek-api\\src\\seeds\\00_users.js": {"path":"D:\\Projects\\Pratical-studies\\ranek-api\\src\\seeds\\00_users.js","statementMap":{"0":{"start":{"line":1,"column":0},"end":{"line":16,"column":2}},"1":{"start":{"line":3,"column":2},"end":{"line":3,"column":35}},"2":{"start":{"line":4,"column":2},"end":{"line":4,"column":32}},"3":{"start":{"line":5,"column":2},"end":{"line":5,"column":31}},"4":{"start":{"line":6,"column":2},"end":{"line":6,"column":28}},"5":{"start":{"line":7,"column":2},"end":{"line":15,"column":5}}},"fnMap":{"0":{"name":"(anonymous_0)","decl":{"start":{"line":1,"column":15},"end":{"line":1,"column":16}},"loc":{"start":{"line":1,"column":31},"end":{"line":16,"column":1}},"line":1}},"branchMap":{},"s":{"0":6,"1":6,"2":6,"3":6,"4":6,"5":6},"f":{"0":6},"b":{},"_coverageSchema":"1a1c01bbd47fc00a2c39e90264f33305004495a9","hash":"3b47a1dc5f8503b9538bddcd0f4aef523225b192"}
,"D:\\Projects\\Pratical-studies\\ranek-api\\src\\seeds\\01_products.js": {"path":"D:\\Projects\\Pratical-studies\\ranek-api\\src\\seeds\\01_products.js","statementMap":{"0":{"start":{"line":1,"column":0},"end":{"line":124,"column":2}},"1":{"start":{"line":3,"column":2},"end":{"line":18,"column":5}},"2":{"start":{"line":19,"column":2},"end":{"line":100,"column":5}},"3":{"start":{"line":101,"column":2},"end":{"line":113,"column":5}},"4":{"start":{"line":114,"column":2},"end":{"line":123,"column":5}}},"fnMap":{"0":{"name":"(anonymous_0)","decl":{"start":{"line":1,"column":15},"end":{"line":1,"column":16}},"loc":{"start":{"line":1,"column":31},"end":{"line":124,"column":1}},"line":1}},"branchMap":{},"s":{"0":6,"1":6,"2":6,"3":6,"4":6},"f":{"0":6},"b":{},"_coverageSchema":"1a1c01bbd47fc00a2c39e90264f33305004495a9","hash":"63b644e9a580e276fd8d982d973591c341568500"}
,"D:\\Projects\\Pratical-studies\\ranek-api\\src\\seeds\\02_addresses.js": {"path":"D:\\Projects\\Pratical-studies\\ranek-api\\src\\seeds\\02_addresses.js","statementMap":{"0":{"start":{"line":1,"column":0},"end":{"line":27,"column":2}},"1":{"start":{"line":3,"column":2},"end":{"line":26,"column":5}}},"fnMap":{"0":{"name":"(anonymous_0)","decl":{"start":{"line":1,"column":15},"end":{"line":1,"column":16}},"loc":{"start":{"line":1,"column":31},"end":{"line":27,"column":1}},"line":1}},"branchMap":{},"s":{"0":6,"1":6},"f":{"0":6},"b":{},"_coverageSchema":"1a1c01bbd47fc00a2c39e90264f33305004495a9","hash":"bd1f482346740cfc3e9b6a2170c06bd1730772e0"}
,"D:\\Projects\\Pratical-studies\\ranek-api\\src\\seeds\\03_transactons.js": {"path":"D:\\Projects\\Pratical-studies\\ranek-api\\src\\seeds\\03_transactons.js","statementMap":{"0":{"start":{"line":1,"column":0},"end":{"line":24,"column":2}},"1":{"start":{"line":2,"column":2},"end":{"line":12,"column":5}},"2":{"start":{"line":13,"column":2},"end":{"line":23,"column":5}}},"fnMap":{"0":{"name":"(anonymous_0)","decl":{"start":{"line":1,"column":15},"end":{"line":1,"column":16}},"loc":{"start":{"line":1,"column":31},"end":{"line":24,"column":1}},"line":1}},"branchMap":{},"s":{"0":6,"1":6,"2":6},"f":{"0":6},"b":{},"_coverageSchema":"1a1c01bbd47fc00a2c39e90264f33305004495a9","hash":"e3ed2b3f51ed57a1bdd5debad17f6b5a3d229eac"}
,"D:\\Projects\\Pratical-studies\\ranek-api\\src\\seeds\\04_photos.js": {"path":"D:\\Projects\\Pratical-studies\\ranek-api\\src\\seeds\\04_photos.js","statementMap":{"0":{"start":{"line":1,"column":0},"end":{"line":59,"column":2}},"1":{"start":{"line":2,"column":2},"end":{"line":28,"column":5}},"2":{"start":{"line":29,"column":2},"end":{"line":58,"column":5}}},"fnMap":{"0":{"name":"(anonymous_0)","decl":{"start":{"line":1,"column":15},"end":{"line":1,"column":16}},"loc":{"start":{"line":1,"column":31},"end":{"line":59,"column":1}},"line":1}},"branchMap":{},"s":{"0":6,"1":6,"2":6},"f":{"0":6},"b":{},"_coverageSchema":"1a1c01bbd47fc00a2c39e90264f33305004495a9","hash":"88fe069f3e72d241e1e5798285c3979ecb3a3bdb"}
,"D:\\Projects\\Pratical-studies\\ranek-api\\src\\services\\address.js": {"path":"D:\\Projects\\Pratical-studies\\ranek-api\\src\\services\\address.js","statementMap":{"0":{"start":{"line":1,"column":25},"end":{"line":1,"column":59}},"1":{"start":{"line":2,"column":18},"end":{"line":2,"column":48}},"2":{"start":{"line":3,"column":23},"end":{"line":3,"column":58}},"3":{"start":{"line":4,"column":22},"end":{"line":4,"column":55}},"4":{"start":{"line":5,"column":21},"end":{"line":5,"column":53}},"5":{"start":{"line":7,"column":0},"end":{"line":44,"column":2}},"6":{"start":{"line":8,"column":27},"end":{"line":18,"column":3}},"7":{"start":{"line":20,"column":18},"end":{"line":23,"column":3}},"8":{"start":{"line":21,"column":19},"end":{"line":21,"column":66}},"9":{"start":{"line":22,"column":4},"end":{"line":22,"column":18}},"10":{"start":{"line":25,"column":15},"end":{"line":28,"column":3}},"11":{"start":{"line":26,"column":4},"end":{"line":26,"column":89}},"12":{"start":{"line":27,"column":4},"end":{"line":27,"column":52}},"13":{"start":{"line":30,"column":17},"end":{"line":35,"column":3}},"14":{"start":{"line":31,"column":24},"end":{"line":31,"column":31}},"15":{"start":{"line":32,"column":4},"end":{"line":32,"column":93}},"16":{"start":{"line":33,"column":4},"end":{"line":33,"column":48}},"17":{"start":{"line":34,"column":4},"end":{"line":34,"column":86}},"18":{"start":{"line":36,"column":17},"end":{"line":40,"column":3}},"19":{"start":{"line":37,"column":28},"end":{"line":37,"column":98}},"20":{"start":{"line":38,"column":4},"end":{"line":38,"column":118}},"21":{"start":{"line":38,"column":25},"end":{"line":38,"column":118}},"22":{"start":{"line":39,"column":4},"end":{"line":39,"column":54}},"23":{"start":{"line":41,"column":2},"end":{"line":43,"column":4}}},"fnMap":{"0":{"name":"(anonymous_0)","decl":{"start":{"line":7,"column":17},"end":{"line":7,"column":18}},"loc":{"start":{"line":7,"column":26},"end":{"line":44,"column":1}},"line":7},"1":{"name":"(anonymous_1)","decl":{"start":{"line":20,"column":18},"end":{"line":20,"column":19}},"loc":{"start":{"line":20,"column":36},"end":{"line":23,"column":3}},"line":20},"2":{"name":"(anonymous_2)","decl":{"start":{"line":25,"column":15},"end":{"line":25,"column":16}},"loc":{"start":{"line":25,"column":34},"end":{"line":28,"column":3}},"line":25},"3":{"name":"(anonymous_3)","decl":{"start":{"line":30,"column":17},"end":{"line":30,"column":18}},"loc":{"start":{"line":30,"column":36},"end":{"line":35,"column":3}},"line":30},"4":{"name":"(anonymous_4)","decl":{"start":{"line":36,"column":17},"end":{"line":36,"column":18}},"loc":{"start":{"line":36,"column":31},"end":{"line":40,"column":3}},"line":36}},"branchMap":{"0":{"loc":{"start":{"line":38,"column":4},"end":{"line":38,"column":118}},"type":"if","locations":[{"start":{"line":38,"column":4},"end":{"line":38,"column":118}},{"start":{},"end":{}}],"line":38}},"s":{"0":7,"1":7,"2":7,"3":7,"4":7,"5":7,"6":7,"7":7,"8":2,"9":2,"10":7,"11":24,"12":5,"13":7,"14":23,"15":23,"16":5,"17":5,"18":7,"19":3,"20":3,"21":1,"22":2,"23":7},"f":{"0":7,"1":2,"2":24,"3":23,"4":3},"b":{"0":[1,2]},"_coverageSchema":"1a1c01bbd47fc00a2c39e90264f33305004495a9","hash":"e64e79a6e2d98c989722ff63228bbbd18516737c"}
,"D:\\Projects\\Pratical-studies\\ranek-api\\src\\services\\photo.js": {"path":"D:\\Projects\\Pratical-studies\\ranek-api\\src\\services\\photo.js","statementMap":{"0":{"start":{"line":1,"column":11},"end":{"line":1,"column":24}},"1":{"start":{"line":2,"column":10},"end":{"line":2,"column":25}},"2":{"start":{"line":3,"column":23},"end":{"line":3,"column":58}},"3":{"start":{"line":4,"column":22},"end":{"line":4,"column":55}},"4":{"start":{"line":5,"column":15},"end":{"line":5,"column":42}},"5":{"start":{"line":6,"column":25},"end":{"line":6,"column":59}},"6":{"start":{"line":8,"column":0},"end":{"line":105,"column":2}},"7":{"start":{"line":9,"column":25},"end":{"line":22,"column":3}},"8":{"start":{"line":24,"column":15},"end":{"line":68,"column":3}},"9":{"start":{"line":25,"column":4},"end":{"line":67,"column":5}},"10":{"start":{"line":26,"column":22},"end":{"line":26,"column":24}},"11":{"start":{"line":27,"column":6},"end":{"line":31,"column":7}},"12":{"start":{"line":28,"column":8},"end":{"line":28,"column":31}},"13":{"start":{"line":30,"column":8},"end":{"line":30,"column":27}},"14":{"start":{"line":32,"column":6},"end":{"line":32,"column":102}},"15":{"start":{"line":32,"column":35},"end":{"line":32,"column":102}},"16":{"start":{"line":33,"column":6},"end":{"line":33,"column":90}},"17":{"start":{"line":33,"column":31},"end":{"line":33,"column":90}},"18":{"start":{"line":34,"column":6},"end":{"line":34,"column":171}},"19":{"start":{"line":34,"column":44},"end":{"line":34,"column":171}},"20":{"start":{"line":35,"column":19},"end":{"line":44,"column":8}},"21":{"start":{"line":36,"column":37},"end":{"line":36,"column":42}},"22":{"start":{"line":37,"column":21},"end":{"line":42,"column":9}},"23":{"start":{"line":43,"column":8},"end":{"line":43,"column":20}},"24":{"start":{"line":45,"column":21},"end":{"line":45,"column":23}},"25":{"start":{"line":46,"column":6},"end":{"line":49,"column":9}},"26":{"start":{"line":47,"column":8},"end":{"line":47,"column":85}},"27":{"start":{"line":48,"column":8},"end":{"line":48,"column":59}},"28":{"start":{"line":50,"column":6},"end":{"line":50,"column":85}},"29":{"start":{"line":50,"column":60},"end":{"line":50,"column":83}},"30":{"start":{"line":50,"column":77},"end":{"line":50,"column":82}},"31":{"start":{"line":51,"column":6},"end":{"line":57,"column":9}},"32":{"start":{"line":52,"column":25},"end":{"line":52,"column":97}},"33":{"start":{"line":53,"column":26},"end":{"line":53,"column":91}},"34":{"start":{"line":54,"column":8},"end":{"line":56,"column":11}},"35":{"start":{"line":55,"column":10},"end":{"line":55,"column":104}},"36":{"start":{"line":55,"column":19},"end":{"line":55,"column":104}},"37":{"start":{"line":58,"column":6},"end":{"line":58,"column":22}},"38":{"start":{"line":60,"column":25},"end":{"line":60,"column":75}},"39":{"start":{"line":61,"column":6},"end":{"line":65,"column":9}},"40":{"start":{"line":62,"column":8},"end":{"line":64,"column":11}},"41":{"start":{"line":63,"column":10},"end":{"line":63,"column":105}},"42":{"start":{"line":63,"column":19},"end":{"line":63,"column":105}},"43":{"start":{"line":66,"column":6},"end":{"line":66,"column":18}},"44":{"start":{"line":70,"column":18},"end":{"line":73,"column":3}},"45":{"start":{"line":71,"column":18},"end":{"line":71,"column":58}},"46":{"start":{"line":72,"column":4},"end":{"line":72,"column":17}},"47":{"start":{"line":75,"column":26},"end":{"line":91,"column":3}},"48":{"start":{"line":76,"column":23},"end":{"line":76,"column":34}},"49":{"start":{"line":77,"column":21},"end":{"line":77,"column":33}},"50":{"start":{"line":78,"column":4},"end":{"line":84,"column":7}},"51":{"start":{"line":79,"column":22},"end":{"line":82,"column":7}},"52":{"start":{"line":83,"column":6},"end":{"line":83,"column":75}},"53":{"start":{"line":85,"column":4},"end":{"line":85,"column":79}},"54":{"start":{"line":85,"column":54},"end":{"line":85,"column":77}},"55":{"start":{"line":85,"column":71},"end":{"line":85,"column":76}},"56":{"start":{"line":86,"column":4},"end":{"line":86,"column":33}},"57":{"start":{"line":87,"column":4},"end":{"line":87,"column":35}},"58":{"start":{"line":88,"column":4},"end":{"line":88,"column":39}},"59":{"start":{"line":89,"column":4},"end":{"line":89,"column":67}},"60":{"start":{"line":90,"column":4},"end":{"line":90,"column":24}},"61":{"start":{"line":93,"column":17},"end":{"line":100,"column":3}},"62":{"start":{"line":94,"column":31},"end":{"line":95,"column":18}},"63":{"start":{"line":96,"column":4},"end":{"line":96,"column":158}},"64":{"start":{"line":96,"column":28},"end":{"line":96,"column":158}},"65":{"start":{"line":97,"column":18},"end":{"line":97,"column":59}},"66":{"start":{"line":98,"column":4},"end":{"line":98,"column":51}},"67":{"start":{"line":98,"column":23},"end":{"line":98,"column":49}},"68":{"start":{"line":99,"column":4},"end":{"line":99,"column":17}},"69":{"start":{"line":102,"column":2},"end":{"line":104,"column":4}}},"fnMap":{"0":{"name":"(anonymous_0)","decl":{"start":{"line":8,"column":17},"end":{"line":8,"column":18}},"loc":{"start":{"line":8,"column":26},"end":{"line":105,"column":1}},"line":8},"1":{"name":"(anonymous_1)","decl":{"start":{"line":24,"column":15},"end":{"line":24,"column":16}},"loc":{"start":{"line":24,"column":41},"end":{"line":68,"column":3}},"line":24},"2":{"name":"(anonymous_2)","decl":{"start":{"line":35,"column":30},"end":{"line":35,"column":31}},"loc":{"start":{"line":35,"column":48},"end":{"line":44,"column":7}},"line":35},"3":{"name":"(anonymous_3)","decl":{"start":{"line":46,"column":19},"end":{"line":46,"column":20}},"loc":{"start":{"line":46,"column":30},"end":{"line":49,"column":7}},"line":46},"4":{"name":"(anonymous_4)","decl":{"start":{"line":50,"column":50},"end":{"line":50,"column":51}},"loc":{"start":{"line":50,"column":60},"end":{"line":50,"column":83}},"line":50},"5":{"name":"(anonymous_5)","decl":{"start":{"line":50,"column":69},"end":{"line":50,"column":70}},"loc":{"start":{"line":50,"column":77},"end":{"line":50,"column":82}},"line":50},"6":{"name":"(anonymous_6)","decl":{"start":{"line":51,"column":21},"end":{"line":51,"column":22}},"loc":{"start":{"line":51,"column":31},"end":{"line":57,"column":7}},"line":51},"7":{"name":"(anonymous_7)","decl":{"start":{"line":54,"column":39},"end":{"line":54,"column":40}},"loc":{"start":{"line":54,"column":48},"end":{"line":56,"column":9}},"line":54},"8":{"name":"(anonymous_8)","decl":{"start":{"line":61,"column":27},"end":{"line":61,"column":28}},"loc":{"start":{"line":61,"column":37},"end":{"line":65,"column":7}},"line":61},"9":{"name":"(anonymous_9)","decl":{"start":{"line":62,"column":52},"end":{"line":62,"column":53}},"loc":{"start":{"line":62,"column":61},"end":{"line":64,"column":9}},"line":62},"10":{"name":"(anonymous_10)","decl":{"start":{"line":70,"column":18},"end":{"line":70,"column":19}},"loc":{"start":{"line":70,"column":32},"end":{"line":73,"column":3}},"line":70},"11":{"name":"(anonymous_11)","decl":{"start":{"line":75,"column":26},"end":{"line":75,"column":27}},"loc":{"start":{"line":75,"column":46},"end":{"line":91,"column":3}},"line":75},"12":{"name":"(anonymous_12)","decl":{"start":{"line":78,"column":30},"end":{"line":78,"column":31}},"loc":{"start":{"line":78,"column":47},"end":{"line":84,"column":5}},"line":78},"13":{"name":"(anonymous_13)","decl":{"start":{"line":85,"column":44},"end":{"line":85,"column":45}},"loc":{"start":{"line":85,"column":54},"end":{"line":85,"column":77}},"line":85},"14":{"name":"(anonymous_14)","decl":{"start":{"line":85,"column":63},"end":{"line":85,"column":64}},"loc":{"start":{"line":85,"column":71},"end":{"line":85,"column":76}},"line":85},"15":{"name":"(anonymous_15)","decl":{"start":{"line":93,"column":17},"end":{"line":93,"column":18}},"loc":{"start":{"line":93,"column":31},"end":{"line":100,"column":3}},"line":93},"16":{"name":"(anonymous_16)","decl":{"start":{"line":98,"column":38},"end":{"line":98,"column":39}},"loc":{"start":{"line":98,"column":44},"end":{"line":98,"column":47}},"line":98}},"branchMap":{"0":{"loc":{"start":{"line":27,"column":6},"end":{"line":31,"column":7}},"type":"if","locations":[{"start":{"line":27,"column":6},"end":{"line":31,"column":7}},{"start":{"line":29,"column":13},"end":{"line":31,"column":7}}],"line":27},"1":{"loc":{"start":{"line":32,"column":6},"end":{"line":32,"column":102}},"type":"if","locations":[{"start":{"line":32,"column":6},"end":{"line":32,"column":102}},{"start":{},"end":{}}],"line":32},"2":{"loc":{"start":{"line":33,"column":6},"end":{"line":33,"column":90}},"type":"if","locations":[{"start":{"line":33,"column":6},"end":{"line":33,"column":90}},{"start":{},"end":{}}],"line":33},"3":{"loc":{"start":{"line":34,"column":6},"end":{"line":34,"column":171}},"type":"if","locations":[{"start":{"line":34,"column":6},"end":{"line":34,"column":171}},{"start":{},"end":{}}],"line":34},"4":{"loc":{"start":{"line":55,"column":10},"end":{"line":55,"column":104}},"type":"if","locations":[{"start":{"line":55,"column":10},"end":{"line":55,"column":104}},{"start":{},"end":{}}],"line":55},"5":{"loc":{"start":{"line":63,"column":10},"end":{"line":63,"column":105}},"type":"if","locations":[{"start":{"line":63,"column":10},"end":{"line":63,"column":105}},{"start":{},"end":{}}],"line":63},"6":{"loc":{"start":{"line":96,"column":4},"end":{"line":96,"column":158}},"type":"if","locations":[{"start":{"line":96,"column":4},"end":{"line":96,"column":158}},{"start":{},"end":{}}],"line":96},"7":{"loc":{"start":{"line":98,"column":4},"end":{"line":98,"column":51}},"type":"if","locations":[{"start":{"line":98,"column":4},"end":{"line":98,"column":51}},{"start":{},"end":{}}],"line":98}},"s":{"0":7,"1":7,"2":7,"3":7,"4":7,"5":7,"6":7,"7":7,"8":7,"9":0,"10":0,"11":0,"12":0,"13":0,"14":0,"15":0,"16":0,"17":0,"18":0,"19":0,"20":0,"21":0,"22":0,"23":0,"24":0,"25":0,"26":0,"27":0,"28":0,"29":0,"30":0,"31":0,"32":0,"33":0,"34":0,"35":0,"36":0,"37":0,"38":0,"39":0,"40":0,"41":0,"42":0,"43":0,"44":7,"45":3,"46":3,"47":7,"48":0,"49":0,"50":0,"51":0,"52":0,"53":0,"54":0,"55":0,"56":0,"57":0,"58":0,"59":0,"60":0,"61":7,"62":2,"63":2,"64":1,"65":1,"66":1,"67":1,"68":1,"69":7},"f":{"0":7,"1":0,"2":0,"3":0,"4":0,"5":0,"6":0,"7":0,"8":0,"9":0,"10":3,"11":0,"12":0,"13":0,"14":0,"15":2,"16":1},"b":{"0":[0,0],"1":[0,0],"2":[0,0],"3":[0,0],"4":[0,0],"5":[0,0],"6":[1,1],"7":[1,0]},"_coverageSchema":"1a1c01bbd47fc00a2c39e90264f33305004495a9","hash":"accc7ef94a031ea3d62b462d47d922d249cb2db4"}
,"D:\\Projects\\Pratical-studies\\ranek-api\\src\\services\\product.js": {"path":"D:\\Projects\\Pratical-studies\\ranek-api\\src\\services\\product.js","statementMap":{"0":{"start":{"line":1,"column":11},"end":{"line":1,"column":24}},"1":{"start":{"line":2,"column":17},"end":{"line":2,"column":46}},"2":{"start":{"line":3,"column":23},"end":{"line":3,"column":58}},"3":{"start":{"line":4,"column":22},"end":{"line":4,"column":55}},"4":{"start":{"line":5,"column":21},"end":{"line":5,"column":53}},"5":{"start":{"line":6,"column":27},"end":{"line":6,"column":63}},"6":{"start":{"line":7,"column":25},"end":{"line":7,"column":59}},"7":{"start":{"line":9,"column":0},"end":{"line":92,"column":2}},"8":{"start":{"line":10,"column":28},"end":{"line":20,"column":3}},"9":{"start":{"line":22,"column":18},"end":{"line":27,"column":3}},"10":{"start":{"line":23,"column":4},"end":{"line":23,"column":88}},"11":{"start":{"line":24,"column":19},"end":{"line":24,"column":65}},"12":{"start":{"line":25,"column":4},"end":{"line":25,"column":83}},"13":{"start":{"line":25,"column":30},"end":{"line":25,"column":83}},"14":{"start":{"line":26,"column":4},"end":{"line":26,"column":18}},"15":{"start":{"line":28,"column":18},"end":{"line":28,"column":71}},"16":{"start":{"line":28,"column":30},"end":{"line":28,"column":71}},"17":{"start":{"line":30,"column":22},"end":{"line":51,"column":3}},"18":{"start":{"line":31,"column":17},"end":{"line":31,"column":19}},"19":{"start":{"line":32,"column":24},"end":{"line":32,"column":47}},"20":{"start":{"line":33,"column":25},"end":{"line":33,"column":44}},"21":{"start":{"line":34,"column":28},"end":{"line":34,"column":30}},"22":{"start":{"line":36,"column":4},"end":{"line":42,"column":7}},"23":{"start":{"line":37,"column":6},"end":{"line":41,"column":9}},"24":{"start":{"line":38,"column":8},"end":{"line":40,"column":21}},"25":{"start":{"line":43,"column":4},"end":{"line":43,"column":60}},"26":{"start":{"line":43,"column":54},"end":{"line":43,"column":58}},"27":{"start":{"line":44,"column":4},"end":{"line":48,"column":8}},"28":{"start":{"line":44,"column":30},"end":{"line":48,"column":6}},"29":{"start":{"line":45,"column":6},"end":{"line":47,"column":7}},"30":{"start":{"line":46,"column":8},"end":{"line":46,"column":49}},"31":{"start":{"line":49,"column":4},"end":{"line":49,"column":57}},"32":{"start":{"line":49,"column":41},"end":{"line":49,"column":55}},"33":{"start":{"line":50,"column":4},"end":{"line":50,"column":18}},"34":{"start":{"line":53,"column":15},"end":{"line":64,"column":3}},"35":{"start":{"line":54,"column":4},"end":{"line":54,"column":89}},"36":{"start":{"line":55,"column":24},"end":{"line":55,"column":31}},"37":{"start":{"line":56,"column":4},"end":{"line":62,"column":5}},"38":{"start":{"line":57,"column":6},"end":{"line":60,"column":9}},"39":{"start":{"line":58,"column":51},"end":{"line":58,"column":56}},"40":{"start":{"line":59,"column":8},"end":{"line":59,"column":103}},"41":{"start":{"line":61,"column":6},"end":{"line":61,"column":62}},"42":{"start":{"line":63,"column":4},"end":{"line":63,"column":55}},"43":{"start":{"line":66,"column":17},"end":{"line":74,"column":3}},"44":{"start":{"line":67,"column":24},"end":{"line":67,"column":31}},"45":{"start":{"line":68,"column":4},"end":{"line":68,"column":89}},"46":{"start":{"line":69,"column":4},"end":{"line":69,"column":48}},"47":{"start":{"line":70,"column":4},"end":{"line":70,"column":60}},"48":{"start":{"line":71,"column":22},"end":{"line":71,"column":59}},"49":{"start":{"line":72,"column":4},"end":{"line":72,"column":80}},"50":{"start":{"line":72,"column":49},"end":{"line":72,"column":80}},"51":{"start":{"line":73,"column":4},"end":{"line":73,"column":85}},"52":{"start":{"line":75,"column":17},"end":{"line":88,"column":3}},"53":{"start":{"line":76,"column":24},"end":{"line":76,"column":81}},"54":{"start":{"line":77,"column":22},"end":{"line":77,"column":43}},"55":{"start":{"line":78,"column":4},"end":{"line":78,"column":86}},"56":{"start":{"line":78,"column":33},"end":{"line":78,"column":86}},"57":{"start":{"line":79,"column":4},"end":{"line":79,"column":93}},"58":{"start":{"line":79,"column":21},"end":{"line":79,"column":93}},"59":{"start":{"line":80,"column":4},"end":{"line":80,"column":68}},"60":{"start":{"line":80,"column":37},"end":{"line":80,"column":68}},"61":{"start":{"line":81,"column":4},"end":{"line":86,"column":5}},"62":{"start":{"line":82,"column":6},"end":{"line":85,"column":9}},"63":{"start":{"line":83,"column":28},"end":{"line":83,"column":83}},"64":{"start":{"line":84,"column":8},"end":{"line":84,"column":67}},"65":{"start":{"line":84,"column":33},"end":{"line":84,"column":65}},"66":{"start":{"line":87,"column":4},"end":{"line":87,"column":53}},"67":{"start":{"line":89,"column":2},"end":{"line":91,"column":4}}},"fnMap":{"0":{"name":"(anonymous_0)","decl":{"start":{"line":9,"column":17},"end":{"line":9,"column":18}},"loc":{"start":{"line":9,"column":26},"end":{"line":92,"column":1}},"line":9},"1":{"name":"(anonymous_1)","decl":{"start":{"line":22,"colum
[...]
olumn":6},"end":{"line":48,"column":19}},"27":{"start":{"line":50,"column":4},"end":{"line":50,"column":15}},"28":{"start":{"line":55,"column":21},"end":{"line":86,"column":3}},"29":{"start":{"line":63,"column":4},"end":{"line":85,"column":7}},"30":{"start":{"line":64,"column":25},"end":{"line":64,"column":43}},"31":{"start":{"line":65,"column":6},"end":{"line":65,"column":134}},"32":{"start":{"line":65,"column":41},"end":{"line":65,"column":134}},"33":{"start":{"line":66,"column":26},"end":{"line":66,"column":49}},"34":{"start":{"line":67,"column":6},"end":{"line":70,"column":97}},"35":{"start":{"line":70,"column":8},"end":{"line":70,"column":97}},"36":{"start":{"line":71,"column":6},"end":{"line":71,"column":164}},"37":{"start":{"line":71,"column":63},"end":{"line":71,"column":164}},"38":{"start":{"line":72,"column":6},"end":{"line":75,"column":114}},"39":{"start":{"line":75,"column":8},"end":{"line":75,"column":114}},"40":{"start":{"line":76,"column":6},"end":{"line":80,"column":124}},"41":{"start":{"line":80,"column":8},"end":{"line":80,"column":124}},"42":{"start":{"line":81,"column":6},"end":{"line":84,"column":158}},"43":{"start":{"line":84,"column":8},"end":{"line":84,"column":158}},"44":{"start":{"line":88,"column":18},"end":{"line":88,"column":81}},"45":{"start":{"line":88,"column":24},"end":{"line":88,"column":81}},"46":{"start":{"line":90,"column":18},"end":{"line":90,"column":89}},"47":{"start":{"line":90,"column":28},"end":{"line":90,"column":89}},"48":{"start":{"line":92,"column":15},"end":{"line":103,"column":3}},"49":{"start":{"line":93,"column":21},"end":{"line":93,"column":25}},"50":{"start":{"line":94,"column":4},"end":{"line":94,"column":95}},"51":{"start":{"line":94,"column":25},"end":{"line":94,"column":95}},"52":{"start":{"line":95,"column":4},"end":{"line":95,"column":97}},"53":{"start":{"line":95,"column":28},"end":{"line":95,"column":97}},"54":{"start":{"line":96,"column":19},"end":{"line":96,"column":38}},"55":{"start":{"line":97,"column":4},"end":{"line":97,"column":81}},"56":{"start":{"line":97,"column":16},"end":{"line":97,"column":81}},"57":{"start":{"line":99,"column":4},"end":{"line":99,"column":83}},"58":{"start":{"line":101,"column":4},"end":{"line":101,"column":59}},"59":{"start":{"line":102,"column":4},"end":{"line":102,"column":79}},"60":{"start":{"line":105,"column":17},"end":{"line":111,"column":3}},"61":{"start":{"line":106,"column":21},"end":{"line":106,"column":25}},"62":{"start":{"line":107,"column":4},"end":{"line":107,"column":82}},"63":{"start":{"line":107,"column":27},"end":{"line":107,"column":82}},"64":{"start":{"line":108,"column":4},"end":{"line":108,"column":52}},"65":{"start":{"line":109,"column":4},"end":{"line":109,"column":45}},"66":{"start":{"line":110,"column":4},"end":{"line":110,"column":93}},"67":{"start":{"line":112,"column":2},"end":{"line":114,"column":4}}},"fnMap":{"0":{"name":"(anonymous_0)","decl":{"start":{"line":9,"column":17},"end":{"line":9,"column":18}},"loc":{"start":{"line":9,"column":26},"end":{"line":115,"column":1}},"line":9},"1":{"name":"(anonymous_1)","decl":{"start":{"line":10,"column":26},"end":{"line":10,"column":27}},"loc":{"start":{"line":10,"column":40},"end":{"line":13,"column":3}},"line":10},"2":{"name":"(anonymous_2)","decl":{"start":{"line":31,"column":24},"end":{"line":31,"column":25}},"loc":{"start":{"line":31,"column":35},"end":{"line":38,"column":3}},"line":31},"3":{"name":"(anonymous_3)","decl":{"start":{"line":33,"column":42},"end":{"line":33,"column":43}},"loc":{"start":{"line":33,"column":60},"end":{"line":36,"column":5}},"line":33},"4":{"name":"(anonymous_4)","decl":{"start":{"line":40,"column":23},"end":{"line":40,"column":24}},"loc":{"start":{"line":40,"column":50},"end":{"line":51,"column":3}},"line":40},"5":{"name":"(anonymous_5)","decl":{"start":{"line":42,"column":42},"end":{"line":42,"column":43}},"loc":{"start":{"line":42,"column":60},"end":{"line":49,"column":5}},"line":42},"6":{"name":"(anonymous_6)","decl":{"start":{"line":44,"column":36},"end":{"line":44,"column":37}},"loc":{"start":{"line":44,"column":56},"end":{"line":47,"column":7}},"line":44},"7":{"name":"(anonymous_7)","decl":{"start":{"line":55,"column":21},"end":{"line":55,"column":22}},"loc":{"start":{"line":62,"column":7},"end":{"line":86,"column":3}},"line":62},"8":{"name":"(anonymous_8)","decl":{"start":{"line":63,"column":33},"end":{"line":63,"column":34}},"loc":{"start":{"line":63,"column":51},"end":{"line":85,"column":5}},"line":63},"9":{"name":"(anonymous_9)","decl":{"start":{"line":88,"column":18},"end":{"line":88,"column":19}},"loc":{"start":{"line":88,"column":24},"end":{"line":88,"column":81}},"line":88},"10":{"name":"(anonymous_10)","decl":{"start":{"line":90,"column":18},"end":{"line":90,"column":19}},"loc":{"start":{"line":90,"column":28},"end":{"line":90,"column":89}},"line":90},"11":{"name":"(anonymous_11)","decl":{"start":{"line":92,"column":15},"end":{"line":92,"column":16}},"loc":{"start":{"line":92,"column":31},"end":{"line":103,"column":3}},"line":92},"12":{"name":"(anonymous_12)","decl":{"start":{"line":105,"column":17},"end":{"line":105,"column":18}},"loc":{"start":{"line":105,"column":37},"end":{"line":111,"column":3}},"line":105}},"branchMap":{"0":{"loc":{"start":{"line":34,"column":6},"end":{"line":34,"column":48}},"type":"if","locations":[{"start":{"line":34,"column":6},"end":{"line":34,"column":48}},{"start":{},"end":{}}],"line":34},"1":{"loc":{"start":{"line":45,"column":8},"end":{"line":45,"column":72}},"type":"if","locations":[{"start":{"line":45,"column":8},"end":{"line":45,"column":72}},{"start":{},"end":{}}],"line":45},"2":{"loc":{"start":{"line":45,"column":12},"end":{"line":45,"column":55}},"type":"binary-expr","locations":[{"start":{"line":45,"column":12},"end":{"line":45,"column":30}},{"start":{"line":45,"column":34},"end":{"line":45,"column":55}}],"line":45},"3":{"loc":{"start":{"line":65,"column":6},"end":{"line":65,"column":134}},"type":"if","locations":[{"start":{"line":65,"column":6},"end":{"line":65,"column":134}},{"start":{},"end":{}}],"line":65},"4":{"loc":{"start":{"line":65,"column":10},"end":{"line":65,"column":39}},"type":"binary-expr","locations":[{"start":{"line":65,"column":10},"end":{"line":65,"column":21}},{"start":{"line":65,"column":25},"end":{"line":65,"column":39}}],"line":65},"5":{"loc":{"start":{"line":67,"column":6},"end":{"line":70,"column":97}},"type":"if","locations":[{"start":{"line":67,"column":6},"end":{"line":70,"column":97}},{"start":{},"end":{}}],"line":67},"6":{"loc":{"start":{"line":68,"column":8},"end":{"line":69,"column":41}},"type":"binary-expr","locations":[{"start":{"line":68,"column":9},"end":{"line":68,"column":14}},{"start":{"line":68,"column":18},"end":{"line":68,"column":31}},{"start":{"line":69,"column":12},"end":{"line":69,"column":40}}],"line":68},"7":{"loc":{"start":{"line":71,"column":6},"end":{"line":71,"column":164}},"type":"if","locations":[{"start":{"line":71,"column":6},"end":{"line":71,"column":164}},{"start":{},"end":{}}],"line":71},"8":{"loc":{"start":{"line":71,"column":10},"end":{"line":71,"column":61}},"type":"binary-expr","locations":[{"start":{"line":71,"column":10},"end":{"line":71,"column":23}},{"start":{"line":71,"column":27},"end":{"line":71,"column":61}}],"line":71},"9":{"loc":{"start":{"line":72,"column":6},"end":{"line":75,"column":114}},"type":"if","locations":[{"start":{"line":72,"column":6},"end":{"line":75,"column":114}},{"start":{},"end":{}}],"line":72},"10":{"loc":{"start":{"line":73,"column":8},"end":{"line":74,"column":50}},"type":"binary-expr","locations":[{"start":{"line":73,"column":9},"end":{"line":73,"column":14}},{"start":{"line":73,"column":18},"end":{"line":73,"column":29}},{"start":{"line":74,"column":12},"end":{"line":74,"column":49}}],"line":73},"11":{"loc":{"start":{"line":76,"column":6},"end":{"line":80,"column":124}},"type":"if","locations":[{"start":{"line":76,"column":6},"end":{"line":80,"column":124}},{"start":{},"end":{}}],"line":76},"12":{"loc":{"start":{"line":77,"column":8},"end":{"line":79,"column":52}},"type":"binary-expr","locations":[{"start":{"line":77,"column":9},"end":{"line":77,"column":14}},{"start":{"line":77,"column":18},"end":{"line":77,"column":34}},{"start":{"line":78,"column":12},"end":{"line":78,"column":67}},{"start":{"line":79,"column":11},"end":{"line":79,"column":52}}],"line":77},"13":{"loc":{"start":{"line":81,"column":6},"end":{"line":84,"column":158}},"type":"if","locations":[{"start":{"line":81,"column":6},"end":{"line":84,"column":158}},{"start":{},"end":{}}],"line":81},"14":{"loc":{"start":{"line":82,"column":8},"end":{"line":83,"column":95}},"type":"binary-expr","locations":[{"start":{"line":82,"column":9},"end":{"line":82,"column":14}},{"start":{"line":82,"column":18},"end":{"line":82,"column":34}},{"start":{"line":83,"column":12},"end":{"line":83,"column":51}},{"start":{"line":83,"column":55},"end":{"line":83,"column":94}}],"line":82},"15":{"loc":{"start":{"line":94,"column":4},"end":{"line":94,"column":95}},"type":"if","locations":[{"start":{"line":94,"column":4},"end":{"line":94,"column":95}},{"start":{},"end":{}}],"line":94},"16":{"loc":{"start":{"line":95,"column":4},"end":{"line":95,"column":97}},"type":"if","locations":[{"start":{"line":95,"column":4},"end":{"line":95,"column":97}},{"start":{},"end":{}}],"line":95},"17":{"loc":{"start":{"line":97,"column":4},"end":{"line":97,"column":81}},"type":"if","locations":[{"start":{"line":97,"column":4},"end":{"line":97,"column":81}},{"start":{},"end":{}}],"line":97},"18":{"loc":{"start":{"line":107,"column":4},"end":{"line":107,"column":82}},"type":"if","locations":[{"start":{"line":107,"column":4},"end":{"line":107,"column":82}},{"start":{},"end":{}}],"line":107}},"s":{"0":7,"1":7,"2":7,"3":7,"4":7,"5":7,"6":7,"7":7,"8":7,"9":6,"10":6,"11":7,"12":7,"13":40,"14":520,"15":40,"16":520,"17":40,"18":7,"19":8,"20":8,"21":104,"22":104,"23":728,"24":96,"25":728,"26":104,"27":8,"28":7,"29":33,"30":40,"31":40,"32":12,"33":28,"34":28,"35":2,"36":26,"37":0,"38":26,"39":10,"40":16,"41":2,"42":14,"43":5,"44":7,"45":1,"46":7,"47":168,"48":7,"49":20,"50":20,"51":1,"52":19,"53":2,"54":17,"55":17,"56":1,"57":16,"58":5,"59":5,"60":7,"61":33,"62":33,"63":1,"64":33,"65":2,"66":2,"67":7},"f":{"0":7,"1":6,"2":40,"3":520,"4":8,"5":104,"6":728,"7":33,"8":40,"9":1,"10":168,"11":20,"12":33},"b":{"0":[40,480],"1":[96,632],"2":[728,104],"3":[12,28],"4":[40,40],"5":[2,26],"6":[28,27,27],"7":[0,26],"8":[26,0],"9":[10,16],"10":[26,25,25],"11":[2,14],"12":[16,15,15,4],"13":[5,9],"14":[14,13,13,13],"15":[1,19],"16":[2,17],"17":[1,16],"18":[1,32]},"_coverageSchema":"1a1c01bbd47fc00a2c39e90264f33305004495a9","hash":"66a6f858a89c4d2ba6a4117b547f66223d1002ef"}
,"D:\\Projects\\Pratical-studies\\ranek-api\\src\\utils\\dataValidator.js": {"path":"D:\\Projects\\Pratical-studies\\ranek-api\\src\\utils\\dataValidator.js","statementMap":{"0":{"start":{"line":1,"column":24},"end":{"line":1,"column":58}},"1":{"start":{"line":3,"column":22},"end":{"line":10,"column":1}},"2":{"start":{"line":5,"column":2},"end":{"line":8,"column":5}},"3":{"start":{"line":6,"column":4},"end":{"line":6,"column":46}},"4":{"start":{"line":6,"column":25},"end":{"line":6,"column":44}},"5":{"start":{"line":7,"column":4},"end":{"line":7,"column":17}},"6":{"start":{"line":9,"column":2},"end":{"line":9,"column":20}},"7":{"start":{"line":12,"column":19},"end":{"line":48,"column":1}},"8":{"start":{"line":22,"column":19},"end":{"line":22,"column":20}},"9":{"start":{"line":23,"column":2},"end":{"line":46,"column":5}},"10":{"start":{"line":24,"column":4},"end":{"line":24,"column":29}},"11":{"start":{"line":24,"column":13},"end":{"line":24,"column":29}},"12":{"start":{"line":25,"column":23},"end":{"line":25,"column":52}},"13":{"start":{"line":26,"column":4},"end":{"line":26,"column":132}},"14":{"start":{"line":26,"column":39},"end":{"line":26,"column":132}},"15":{"start":{"line":27,"column":24},"end":{"line":27,"column":47}},"16":{"start":{"line":28,"column":4},"end":{"line":31,"column":95}},"17":{"start":{"line":31,"column":6},"end":{"line":31,"column":95}},"18":{"start":{"line":32,"column":4},"end":{"line":32,"column":162}},"19":{"start":{"line":32,"column":61},"end":{"line":32,"column":162}},"20":{"start":{"line":33,"column":4},"end":{"line":36,"column":112}},"21":{"start":{"line":36,"column":6},"end":{"line":36,"column":112}},"22":{"start":{"line":37,"column":4},"end":{"line":41,"column":122}},"23":{"start":{"line":41,"column":6},"end":{"line":41,"column":122}},"24":{"start":{"line":42,"column":4},"end":{"line":45,"column":156}},"25":{"start":{"line":45,"column":6},"end":{"line":45,"column":156}},"26":{"start":{"line":47,"column":2},"end":{"line":47,"column":111}},"27":{"start":{"line":47,"column":24},"end":{"line":47,"column":111}},"28":{"start":{"line":50,"column":0},"end":{"line":50,"column":28}}},"fnMap":{"0":{"name":"(anonymous_0)","decl":{"start":{"line":3,"column":22},"end":{"line":3,"column":23}},"loc":{"start":{"line":3,"column":48},"end":{"line":10,"column":1}},"line":3},"1":{"name":"(anonymous_1)","decl":{"start":{"line":5,"column":39},"end":{"line":5,"column":40}},"loc":{"start":{"line":5,"column":57},"end":{"line":8,"column":3}},"line":5},"2":{"name":"(anonymous_2)","decl":{"start":{"line":12,"column":19},"end":{"line":12,"column":20}},"loc":{"start":{"line":21,"column":5},"end":{"line":48,"column":1}},"line":21},"3":{"name":"(anonymous_3)","decl":{"start":{"line":23,"column":31},"end":{"line":23,"column":32}},"loc":{"start":{"line":23,"column":49},"end":{"line":46,"column":3}},"line":23}},"branchMap":{"0":{"loc":{"start":{"line":6,"column":4},"end":{"line":6,"column":46}},"type":"if","locations":[{"start":{"line":6,"column":4},"end":{"line":6,"column":46}},{"start":{},"end":{}}],"line":6},"1":{"loc":{"start":{"line":24,"column":4},"end":{"line":24,"column":29}},"type":"if","locations":[{"start":{"line":24,"column":4},"end":{"line":24,"column":29}},{"start":{},"end":{}}],"line":24},"2":{"loc":{"start":{"line":26,"column":4},"end":{"line":26,"column":132}},"type":"if","locations":[{"start":{"line":26,"column":4},"end":{"line":26,"column":132}},{"start":{},"end":{}}],"line":26},"3":{"loc":{"start":{"line":26,"column":8},"end":{"line":26,"column":37}},"type":"binary-expr","locations":[{"start":{"line":26,"column":8},"end":{"line":26,"column":19}},{"start":{"line":26,"column":23},"end":{"line":26,"column":37}}],"line":26},"4":{"loc":{"start":{"line":28,"column":4},"end":{"line":31,"column":95}},"type":"if","locations":[{"start":{"line":28,"column":4},"end":{"line":31,"column":95}},{"start":{},"end":{}}],"line":28},"5":{"loc":{"start":{"line":29,"column":6},"end":{"line":30,"column":39}},"type":"binary-expr","locations":[{"start":{"line":29,"column":7},"end":{"line":29,"column":12}},{"start":{"line":29,"column":16},"end":{"line":29,"column":29}},{"start":{"line":30,"column":10},"end":{"line":30,"column":38}}],"line":29},"6":{"loc":{"start":{"line":32,"column":4},"end":{"line":32,"column":162}},"type":"if","locations":[{"start":{"line":32,"column":4},"end":{"line":32,"column":162}},{"start":{},"end":{}}],"line":32},"7":{"loc":{"start":{"line":32,"column":8},"end":{"line":32,"column":59}},"type":"binary-expr","locations":[{"start":{"line":32,"column":8},"end":{"line":32,"column":21}},{"start":{"line":32,"column":25},"end":{"line":32,"column":59}}],"line":32},"8":{"loc":{"start":{"line":33,"column":4},"end":{"line":36,"column":112}},"type":"if","locations":[{"start":{"line":33,"column":4},"end":{"line":36,"column":112}},{"start":{},"end":{}}],"line":33},"9":{"loc":{"start":{"line":34,"column":6},"end":{"line":35,"column":48}},"type":"binary-expr","locations":[{"start":{"line":34,"column":7},"end":{"line":34,"column":12}},{"start":{"line":34,"column":16},"end":{"line":34,"column":27}},{"start":{"line":35,"column":10},"end":{"line":35,"column":47}}],"line":34},"10":{"loc":{"start":{"line":37,"column":4},"end":{"line":41,"column":122}},"type":"if","locations":[{"start":{"line":37,"column":4},"end":{"line":41,"column":122}},{"start":{},"end":{}}],"line":37},"11":{"loc":{"start":{"line":38,"column":6},"end":{"line":40,"column":50}},"type":"binary-expr","locations":[{"start":{"line":38,"column":7},"end":{"line":38,"column":12}},{"start":{"line":38,"column":16},"end":{"line":38,"column":32}},{"start":{"line":39,"column":10},"end":{"line":39,"column":65}},{"start":{"line":40,"column":9},"end":{"line":40,"column":50}}],"line":38},"12":{"loc":{"start":{"line":42,"column":4},"end":{"line":45,"column":156}},"type":"if","locations":[{"start":{"line":42,"column":4},"end":{"line":45,"column":156}},{"start":{},"end":{}}],"line":42},"13":{"loc":{"start":{"line":43,"column":6},"end":{"line":44,"column":93}},"type":"binary-expr","locations":[{"start":{"line":43,"column":7},"end":{"line":43,"column":12}},{"start":{"line":43,"column":16},"end":{"line":43,"column":32}},{"start":{"line":44,"column":10},"end":{"line":44,"column":49}},{"start":{"line":44,"column":53},"end":{"line":44,"column":92}}],"line":43},"14":{"loc":{"start":{"line":47,"column":2},"end":{"line":47,"column":111}},"type":"if","locations":[{"start":{"line":47,"column":2},"end":{"line":47,"column":111}},{"start":{},"end":{}}],"line":47}},"s":{"0":7,"1":7,"2":344,"3":3250,"4":344,"5":3250,"6":344,"7":7,"8":110,"9":110,"10":344,"11":344,"12":344,"13":344,"14":22,"15":322,"16":322,"17":0,"18":322,"19":9,"20":313,"21":24,"22":289,"23":4,"24":285,"25":11,"26":40,"27":1,"28":7},"f":{"0":344,"1":3250,"2":110,"3":344},"b":{"0":[344,2906],"1":[344,0],"2":[22,322],"3":[344,344],"4":[0,322],"5":[322,322,0],"6":[9,313],"7":[322,40],"8":[24,289],"9":[313,313,313],"10":[4,285],"11":[289,289,260,42],"12":[11,274],"13":[285,285,256,255],"14":[1,39]},"_coverageSchema":"1a1c01bbd47fc00a2c39e90264f33305004495a9","hash":"66e2af804e8a003747140a859da33709c71d0bd2"}
,"D:\\Projects\\Pratical-studies\\ranek-api\\src\\utils\\getTimeStamp.js": {"path":"D:\\Projects\\Pratical-studies\\ranek-api\\src\\utils\\getTimeStamp.js","statementMap":{"0":{"start":{"line":1,"column":21},"end":{"line":12,"column":1}},"1":{"start":{"line":2,"column":16},"end":{"line":2,"column":26}},"2":{"start":{"line":3,"column":24},"end":{"line":3,"column":63}},"3":{"start":{"line":3,"column":34},"end":{"line":3,"column":62}},"4":{"start":{"line":4,"column":13},"end":{"line":4,"column":32}},"5":{"start":{"line":5,"column":13},"end":{"line":5,"column":48}},"6":{"start":{"line":6,"column":13},"end":{"line":6,"column":43}},"7":{"start":{"line":7,"column":13},"end":{"line":7,"column":44}},"8":{"start":{"line":8,"column":13},"end":{"line":8,"column":46}},"9":{"start":{"line":9,"column":13},"end":{"line":9,"column":46}},"10":{"start":{"line":10,"column":13},"end":{"line":10,"column":43}},"11":{"start":{"line":11,"column":2},"end":{"line":11,"column":84}},"12":{"start":{"line":14,"column":0},"end":{"line":14,"column":30}}},"fnMap":{"0":{"name":"(anonymous_0)","decl":{"start":{"line":1,"column":21},"end":{"line":1,"column":22}},"loc":{"start":{"line":1,"column":27},"end":{"line":12,"column":1}},"line":1},"1":{"name":"(anonymous_1)","decl":{"start":{"line":3,"column":24},"end":{"line":3,"column":25}},"loc":{"start":{"line":3,"column":34},"end":{"line":3,"column":62}},"line":3}},"branchMap":{"0":{"loc":{"start":{"line":3,"column":34},"end":{"line":3,"column":62}},"type":"cond-expr","locations":[{"start":{"line":3,"column":47},"end":{"line":3,"column":56}},{"start":{"line":3,"column":59},"end":{"line":3,"column":62}}],"line":3},"1":{"loc":{"start":{"line":11,"column":48},"end":{"line":11,"column":78}},"type":"cond-expr","locations":[{"start":{"line":11,"column":59},"end":{"line":11,"column":67}},{"start":{"line":11,"column":70},"end":{"line":11,"column":78}}],"line":11}},"s":{"0":7,"1":10,"2":10,"3":50,"4":10,"5":10,"6":10,"7":10,"8":10,"9":10,"10":10,"11":10,"12":7},"f":{"0":10,"1":50},"b":{"0":[30,20],"1":[0,10]},"_coverageSchema":"1a1c01bbd47fc00a2c39e90264f33305004495a9","hash":"9f0312b5ab97a97a807cfe4a0319be800226a737"}
}
