TN:
SF:knexfile.js
FNF:0
FNH:0
DA:1,7
DA:3,7
LF:2
LH:2
BRF:0
BRH:0
end_of_record
TN:
SF:src\app.js
FN:18,(anonymous_0)
FN:22,(anonymous_1)
FNF:2
FNH:2
FNDA:1,(anonymous_0)
FNDA:121,(anonymous_1)
DA:1,7
DA:2,7
DA:3,7
DA:4,7
DA:8,7
DA:10,7
DA:18,7
DA:19,1
DA:22,7
DA:23,121
DA:24,121
DA:25,121
DA:26,119
DA:27,2
DA:40,7
LF:15
LH:15
BRDA:24,0,0,119
BRDA:24,0,1,2
BRDA:25,1,0,2
BRDA:25,1,1,119
BRF:4
BRH:4
end_of_record
TN:
SF:src\config\middlewares.js
FN:3,(anonymous_0)
FNF:1
FNH:1
FNDA:7,(anonymous_0)
DA:1,7
DA:3,7
DA:4,7
LF:3
LH:3
BRF:0
BRH:0
end_of_record
TN:
SF:src\config\multer.js
FN:9,(anonymous_0)
FN:12,(anonymous_1)
FN:13,(anonymous_2)
FN:23,(anonymous_3)
FNF:4
FNH:0
FNDA:0,(anonymous_0)
FNDA:0,(anonymous_1)
FNDA:0,(anonymous_2)
FNDA:0,(anonymous_3)
DA:1,7
DA:2,7
DA:3,7
DA:4,7
DA:6,7
DA:10,0
DA:13,0
DA:14,0
DA:15,0
DA:16,0
DA:24,0
DA:31,0
DA:32,0
DA:34,0
LF:14
LH:5
BRDA:14,0,0,0
BRDA:14,0,1,0
BRDA:31,1,0,0
BRDA:31,1,1,0
BRF:4
BRH:0
end_of_record
TN:
SF:src\config\passport.js
FN:9,(anonymous_0)
FN:15,(anonymous_1)
FN:28,(anonymous_2)
FNF:3
FNH:3
FNDA:7,(anonymous_0)
FNDA:145,(anonymous_1)
FNDA:7,(anonymous_2)
DA:1,7
DA:2,7
DA:3,7
DA:5,7
DA:7,7
DA:9,7
DA:10,7
DA:15,7
DA:16,145
DA:17,145
DA:18,145
DA:19,0
DA:21,0
DA:25,7
DA:27,7
DA:28,7
LF:16
LH:14
BRDA:18,0,0,145
BRDA:18,0,1,0
BRF:2
BRH:1
end_of_record
TN:
SF:src\config\routes.js
FN:3,(anonymous_0)
FNF:1
FNH:1
FNDA:7,(anonymous_0)
DA:1,7
DA:3,7
DA:4,7
DA:5,7
DA:6,7
DA:7,7
DA:8,7
DA:9,7
DA:10,7
DA:11,7
DA:12,7
LF:11
LH:11
BRF:0
BRH:0
end_of_record
TN:
SF:src\err\ValidationsError.js
FN:1,ValidationError
FNF:1
FNH:1
FNDA:119,ValidationError
DA:1,7
DA:2,119
DA:3,119
LF:3
LH:3
BRF:0
BRH:0
end_of_record
TN:
SF:src\err\WrongResourceError.js
FN:1,WrongResourceError
FNF:1
FNH:1
FNDA:2,WrongResourceError
DA:1,7
DA:2,2
DA:3,2
LF:3
LH:3
BRDA:1,0,0,2
BRF:1
BRH:1
end_of_record
TN:
SF:src\migrations\20230204132021_create_table_users.js
FN:1,(anonymous_0)
FN:1,(anonymous_1)
FN:17,(anonymous_2)
FNF:3
FNH:3
FNDA:6,(anonymous_0)
FNDA:6,(anonymous_1)
FNDA:6,(anonymous_2)
DA:1,6
DA:2,6
DA:3,6
DA:4,6
DA:5,6
DA:6,6
DA:7,6
DA:8,6
DA:9,6
DA:10,6
DA:11,6
DA:12,6
DA:13,6
DA:14,6
DA:17,6
LF:15
LH:15
BRF:0
BRH:0
end_of_record
TN:
SF:src\migrations\20230228085359_create_tabela_product.js
FN:1,(anonymous_0)
FN:1,(anonymous_1)
FN:16,(anonymous_2)
FNF:3
FNH:3
FNDA:6,(anonymous_0)
FNDA:6,(anonymous_1)
FNDA:6,(anonymous_2)
DA:1,6
DA:2,6
DA:3,6
DA:7,6
DA:8,6
DA:9,6
DA:10,6
DA:11,6
DA:12,6
DA:13,6
DA:16,6
LF:11
LH:11
BRF:0
BRH:0
end_of_record
TN:
SF:src\migrations\20230314111403_create_tabela_addresses.js
FN:1,(anonymous_0)
FN:1,(anonymous_1)
FN:13,(anonymous_2)
FNF:3
FNH:3
FNDA:6,(anonymous_0)
FNDA:6,(anonymous_1)
FNDA:6,(anonymous_2)
DA:1,6
DA:2,6
DA:3,6
DA:4,6
DA:5,6
DA:6,6
DA:7,6
DA:8,6
DA:9,6
DA:10,6
DA:13,6
LF:11
LH:11
BRF:0
BRH:0
end_of_record
TN:
SF:src\migrations\20230314122224_create_tabela_transactions.js
FN:1,(anonymous_0)
FN:1,(anonymous_1)
FN:19,(anonymous_2)
FNF:3
FNH:3
FNDA:6,(anonymous_0)
FNDA:6,(anonymous_1)
FNDA:6,(anonymous_2)
DA:1,6
DA:2,6
DA:3,6
DA:7,6
DA:11,6
DA:15,6
DA:16,6
DA:19,6
LF:8
LH:8
BRF:0
BRH:0
end_of_record
TN:
SF:src\migrations\20230321115911_create_tabela_photos.js
FN:1,(anonymous_0)
FN:1,(anonymous_1)
FN:18,(anonymous_2)
FNF:3
FNH:3
FNDA:6,(anonymous_0)
FNDA:6,(anonymous_1)
FNDA:6,(anonymous_2)
DA:1,6
DA:2,6
DA:3,6
DA:4,6
DA:5,6
DA:6,6
DA:7,6
DA:8,6
DA:9,6
DA:10,6
DA:11,6
DA:12,6
DA:13,6
DA:18,6
LF:14
LH:14
BRF:0
BRH:0
end_of_record
TN:
SF:src\models\Addresses.js
FN:2,(anonymous_0)
FNF:1
FNH:1
FNDA:7,(anonymous_0)
DA:13,7
DA:14,7
DA:15,7
DA:16,7
DA:17,7
DA:18,7
DA:19,7
DA:20,7
DA:21,7
DA:25,7
LF:10
LH:10
BRF:0
BRH:0
end_of_record
TN:
SF:src\models\FieldValidator.js
FN:2,(anonymous_0)
FNF:1
FNH:1
FNDA:343,(anonymous_0)
DA:11,343
DA:12,343
DA:13,343
DA:14,343
DA:15,343
DA:16,343
DA:17,343
DA:20,7
LF:8
LH:8
BRF:0
BRH:0
end_of_record
TN:
SF:src\models\Photos.js
FN:2,(anonymous_0)
FNF:1
FNH:1
FNDA:7,(anonymous_0)
DA:16,7
DA:17,7
DA:18,7
DA:19,7
DA:20,7
DA:21,7
DA:22,7
DA:23,7
DA:24,7
DA:25,7
DA:26,7
DA:27,7
DA:31,7
LF:13
LH:13
BRF:0
BRH:0
end_of_record
TN:
SF:src\models\Products.js
FN:2,(anonymous_0)
FNF:1
FNH:1
FNDA:17,(anonymous_0)
DA:13,17
DA:14,17
DA:15,17
DA:16,17
DA:17,17
DA:18,17
DA:19,17
DA:20,17
DA:21,17
DA:25,7
LF:10
LH:10
BRDA:19,0,0,17
BRDA:19,0,1,10
BRF:2
BRH:2
end_of_record
TN:
SF:src\models\Transactions.js
FN:2,(anonymous_0)
FNF:1
FNH:1
FNDA:7,(anonymous_0)
DA:10,7
DA:11,7
DA:12,7
DA:13,7
DA:14,7
DA:15,7
DA:19,7
LF:7
LH:7
BRF:0
BRH:0
end_of_record
TN:
SF:src\models\Users.js
FN:2,(anonymous_0)
FNF:1
FNH:1
FNDA:7,(anonymous_0)
DA:17,7
DA:18,7
DA:19,7
DA:20,7
DA:21,7
DA:22,7
DA:23,7
DA:24,7
DA:25,7
DA:26,7
DA:27,7
DA:28,7
DA:29,7
DA:33,7
LF:14
LH:14
BRF:0
BRH:0
end_of_record
TN:
SF:src\routes\addresses.js
FN:3,(anonymous_0)
FN:6,(anonymous_1)
FN:15,(anonymous_2)
FN:24,(anonymous_3)
FN:34,(anonymous_4)
FNF:5
FNH:5
FNDA:7,(anonymous_0)
FNDA:1,(anonymous_1)
FNDA:19,(anonymous_2)
FNDA:19,(anonymous_3)
FNDA:2,(anonymous_4)
DA:1,7
DA:3,7
DA:4,7
DA:6,7
DA:7,1
DA:8,1
DA:9,1
DA:11,0
DA:15,7
DA:16,19
DA:17,19
DA:18,1
DA:20,18
DA:24,7
DA:25,19
DA:26,19
DA:28,1
DA:30,18
DA:34,7
DA:35,2
DA:36,2
DA:37,1
DA:39,1
DA:43,7
LF:24
LH:23
BRF:0
BRH:0
end_of_record
TN:
SF:src\routes\auth.js
FN:8,(anonymous_0)
FN:10,(anonymous_1)
FN:31,(anonymous_2)
FNF:3
FNH:3
FNDA:7,(anonymous_0)
FNDA:5,(anonymous_1)
FNDA:1,(anonymous_2)
DA:1,7
DA:2,7
DA:3,7
DA:4,7
DA:6,7
DA:8,7
DA:9,7
DA:10,7
DA:11,5
DA:12,5
DA:13,4
DA:15,4
DA:16,2
DA:17,1
DA:22,1
DA:24,1
DA:25,1
DA:27,4
DA:31,7
DA:32,1
DA:33,1
DA:34,1
DA:36,0
DA:39,7
LF:24
LH:23
BRDA:12,0,0,1
BRDA:12,0,1,4
BRDA:15,1,0,2
BRDA:15,1,1,2
BRDA:16,2,0,1
BRDA:16,2,1,1
BRF:6
BRH:6
end_of_record
TN:
SF:src\routes\photos.js
FN:8,(anonymous_0)
FN:12,(anonymous_1)
FN:21,(anonymous_2)
FN:30,(anonymous_3)
FNF:4
FNH:3
FNDA:7,(anonymous_0)
FNDA:0,(anonymous_1)
FNDA:1,(anonymous_2)
FNDA:2,(anonymous_3)
DA:1,7
DA:2,7
DA:4,7
DA:6,7
DA:8,7
DA:9,7
DA:12,7
DA:13,0
DA:14,0
DA:15,0
DA:17,0
DA:21,7
DA:22,1
DA:23,1
DA:24,1
DA:26,0
DA:30,7
DA:31,2
DA:34,2
DA:39,1
DA:41,1
DA:45,7
LF:22
LH:17
BRF:0
BRH:0
end_of_record
TN:
SF:src\routes\products.js
FN:9,(anonymous_0)
FN:12,(anonymous_1)
FN:14,(anonymous_2)
FN:27,(anonymous_3)
FN:54,(anonymous_4)
FN:63,(anonymous_5)
FN:83,(anonymous_6)
FN:93,(anonymous_7)
FN:109,(anonymous_8)
FNF:9
FNH:6
FNDA:7,(anonymous_0)
FNDA:0,(anonymous_1)
FNDA:0,(anonymous_2)
FNDA:7,(anonymous_3)
FNDA:2,(anonymous_4)
FNDA:10,(anonymous_5)
FNDA:13,(anonymous_6)
FNDA:0,(anonymous_7)
FNDA:5,(anonymous_8)
DA:1,7
DA:2,7
DA:3,7
DA:4,7
DA:5,7
DA:7,7
DA:9,7
DA:10,7
DA:12,7
DA:13,0
DA:14,0
DA:15,0
DA:16,0
DA:18,0
DA:21,0
DA:23,0
DA:24,0
DA:27,7
DA:28,7
DA:29,7
DA:30,7
DA:31,7
DA:34,7
DA:35,7
DA:36,7
DA:37,7
DA:38,7
DA:39,7
DA:40,4
DA:41,4
DA:42,4
DA:43,4
DA:44,4
DA:47,7
DA:49,0
DA:54,7
DA:55,2
DA:56,2
DA:57,1
DA:59,1
DA:63,7
DA:64,10
DA:65,10
DA:68,10
DA:70,10
DA:71,10
DA:73,0
DA:74,0
DA:75,0
DA:77,2
DA:79,8
DA:83,7
DA:84,13
DA:86,13
DA:87,13
DA:91,0
DA:92,0
DA:93,0
DA:94,0
DA:95,0
DA:97,0
DA:98,0
DA:101,0
DA:103,1
DA:105,12
DA:109,7
DA:110,5
DA:111,5
DA:112,2
DA:114,3
DA:118,7
LF:71
LH:51
BRDA:35,0,0,1
BRDA:35,0,1,6
BRDA:36,1,0,5
BRDA:36,1,1,2
BRDA:36,2,0,7
BRDA:36,2,1,6
BRDA:37,3,0,1
BRDA:37,3,1,6
BRDA:39,4,0,4
BRDA:39,4,1,3
BRDA:39,5,0,7
BRDA:39,5,1,4
BRDA:42,6,0,1
BRDA:42,6,1,3
BRDA:43,7,0,1
BRDA:43,7,1,3
BRDA:70,8,0,10
BRDA:70,8,1,0
BRDA:86,9,0,13
BRDA:86,9,1,0
BRDA:94,10,0,0
BRDA:94,10,1,0
BRF:22
BRH:18
end_of_record
TN:
SF:src\routes\transactions.js
FN:4,(anonymous_0)
FN:7,(anonymous_1)
FN:16,setResponse
FN:26,(anonymous_3)
FN:38,(anonymous_4)
FN:52,(anonymous_5)
FN:70,(anonymous_6)
FNF:7
FNH:7
FNDA:7,(anonymous_0)
FNDA:5,(anonymous_1)
FNDA:3,setResponse
FNDA:1,(anonymous_3)
FNDA:6,(anonymous_4)
FNDA:5,(anonymous_5)
FNDA:1,(anonymous_6)
DA:1,7
DA:2,7
DA:4,7
DA:5,7
DA:7,7
DA:8,5
DA:9,4
DA:10,2
DA:13,2
DA:19,3
DA:20,3
DA:23,3
DA:26,7
DA:27,1
DA:28,1
DA:29,1
DA:30,1
DA:31,1
DA:32,1
DA:34,0
DA:38,7
DA:39,6
DA:40,6
DA:43,5
DA:44,2
DA:45,1
DA:46,1
DA:48,5
DA:52,7
DA:53,5
DA:54,5
DA:57,4
DA:58,4
DA:59,4
DA:60,2
DA:63,1
DA:64,1
DA:66,4
DA:70,7
DA:71,1
DA:77,1
DA:78,1
DA:79,1
DA:80,1
DA:81,1
DA:83,0
DA:87,7
LF:47
LH:45
BRDA:40,0,0,1
BRDA:40,0,1,5
BRDA:54,1,0,1
BRDA:54,1,1,4
BRDA:79,2,0,1
BRDA:79,2,1,0
BRDA:80,3,0,1
BRDA:80,3,1,0
BRF:8
BRH:6
end_of_record
TN:
SF:src\routes\users.js
FN:3,(anonymous_0)
FN:5,(anonymous_1)
FN:14,(anonymous_2)
FN:24,(anonymous_3)
FNF:4
FNH:4
FNDA:7,(anonymous_0)
FNDA:1,(anonymous_1)
FNDA:17,(anonymous_2)
FNDA:33,(anonymous_3)
DA:1,7
DA:3,7
DA:4,7
DA:5,7
DA:6,1
DA:7,1
DA:8,1
DA:10,0
DA:14,7
DA:15,17
DA:16,17
DA:17,2
DA:18,2
DA:20,15
DA:24,7
DA:25,33
DA:26,33
DA:27,2
DA:29,31
DA:33,7
LF:20
LH:19
BRDA:17,0,0,0
BRDA:17,0,1,2
BRF:2
BRH:1
end_of_record
TN:
SF:src\seeds\00_users.js
FN:1,(anonymous_0)
FNF:1
FNH:1
FNDA:6,(anonymous_0)
DA:1,6
DA:3,6
DA:4,6
DA:5,6
DA:6,6
DA:7,6
LF:6
LH:6
BRF:0
BRH:0
end_of_record
TN:
SF:src\seeds\01_products.js
FN:1,(anonymous_0)
FNF:1
FNH:1
FNDA:6,(anonymous_0)
DA:1,6
DA:3,6
DA:19,6
DA:101,6
DA:114,6
LF:5
LH:5
BRF:0
BRH:0
end_of_record
TN:
SF:src\seeds\02_addresses.js
FN:1,(anonymous_0)
FNF:1
FNH:1
FNDA:6,(anonymous_0)
DA:1,6
DA:3,6
LF:2
LH:2
BRF:0
BRH:0
end_of_record
TN:
SF:src\seeds\03_transactons.js
FN:1,(anonymous_0)
FNF:1
FNH:1
FNDA:6,(anonymous_0)
DA:1,6
DA:2,6
DA:13,6
LF:3
LH:3
BRF:0
BRH:0
end_of_record
TN:
SF:src\seeds\04_photos.js
FN:1,(anonymous_0)
FNF:1
FNH:1
FNDA:6,(anonymous_0)
DA:1,6
DA:2,6
DA:29,6
LF:3
LH:3
BRF:0
BRH:0
end_of_record
TN:
SF:src\services\address.js
FN:7,(anonymous_0)
FN:20,(anonymous_1)
FN:25,(anonymous_2)
FN:30,(anonymous_3)
FN:36,(anonymous_4)
FNF:5
FNH:5
FNDA:7,(anonymous_0)
FNDA:2,(anonymous_1)
FNDA:24,(anonymous_2)
FNDA:23,(anonymous_3)
FNDA:3,(anonymous_4)
DA:1,7
DA:2,7
DA:3,7
DA:4,7
DA:5,7
DA:7,7
DA:8,7
DA:20,7
DA:21,2
DA:22,2
DA:25,7
DA:26,24
DA:27,5
DA:30,7
DA:31,23
DA:32,23
DA:33,5
DA:34,5
DA:36,7
DA:37,3
DA:38,3
DA:39,2
DA:41,7
LF:23
LH:23
BRDA:38,0,0,1
BRDA:38,0,1,2
BRF:2
BRH:2
end_of_record
TN:
SF:src\services\photo.js
FN:8,(anonymous_0)
FN:24,(anonymous_1)
FN:35,(anonymous_2)
FN:46,(anonymous_3)
FN:50,(anonymous_4)
FN:50,(anonymous_5)
FN:51,(anonymous_6)
FN:54,(anonymous_7)
FN:61,(anonymous_8)
FN:62,(anonymous_9)
FN:70,(anonymous_10)
FN:75,(anonymous_11)
FN:78,(anonymous_12)
FN:85,(anonymous_13)
FN:85,(anonymous_14)
FN:93,(anonymous_15)
FN:98,(anonymous_16)
FNF:17
FNH:4
FNDA:7,(anonymous_0)
FNDA:0,(anonymous_1)
FNDA:0,(anonymous_2)
FNDA:0,(anonymous_3)
FNDA:0,(anonymous_4)
FNDA:0,(anonymous_5)
FNDA:0,(anonymous_6)
FNDA:0,(anonymous_7)
FNDA:0,(anonymous_8)
FNDA:0,(anonymous_9)
FNDA:3,(anonymous_10)
FNDA:0,(anonymous_11)
FNDA:0,(anonymous_12)
FNDA:0,(anonymous_13)
FNDA:0,(anonymous_14)
FNDA:2,(anonymous_15)
FNDA:1,(anonymous_16)
DA:1,7
DA:2,7
DA:3,7
DA:4,7
DA:5,7
DA:6,7
DA:8,7
DA:9,7
DA:24,7
DA:25,0
DA:26,0
DA:27,0
DA:28,0
DA:30,0
DA:32,0
DA:33,0
DA:34,0
DA:35,0
DA:36,0
DA:37,0
DA:43,0
DA:45,0
DA:46,0
DA:47,0
DA:48,0
DA:50,0
DA:51,0
DA:52,0
DA:53,0
DA:54,0
DA:55,0
DA:58,0
DA:60,0
DA:61,0
DA:62,0
DA:63,0
DA:66,0
DA:70,7
DA:71,3
DA:72,3
DA:75,7
DA:76,0
DA:77,0
DA:78,0
DA:79,0
DA:83,0
DA:85,0
DA:86,0
DA:87,0
DA:88,0
DA:89,0
DA:90,0
DA:93,7
DA:94,2
DA:96,2
DA:97,1
DA:98,1
DA:99,1
DA:102,7
LF:59
LH:20
BRDA:27,0,0,0
BRDA:27,0,1,0
BRDA:32,1,0,0
BRDA:32,1,1,0
BRDA:33,2,0,0
BRDA:33,2,1,0
BRDA:34,3,0,0
BRDA:34,3,1,0
BRDA:55,4,0,0
BRDA:55,4,1,0
BRDA:63,5,0,0
BRDA:63,5,1,0
BRDA:96,6,0,1
BRDA:96,6,1,1
BRDA:98,7,0,1
BRDA:98,7,1,0
BRF:16
BRH:3
end_of_record
TN:
SF:src\services\product.js
FN:9,(anonymous_0)
FN:22,(anonymous_1)
FN:28,(anonymous_2)
FN:30,(anonymous_3)
FN:36,(anonymous_4)
FN:37,(anonymous_5)
FN:43,(anonymous_6)
FN:44,(anonymous_7)
FN:44,(anonymous_8)
FN:49,(anonymous_9)
FN:53,(anonymous_10)
FN:57,(anonymous_11)
FN:66,(anonymous_12)
FN:75,(anonymous_13)
FN:82,(anonymous_14)
FN:84,(anonymous_15)
FNF:16
FNH:16
FNDA:7,(anonymous_0)
FNDA:18,(anonymous_1)
FNDA:6,(anonymous_2)
FNDA:1,(anonymous_3)
FNDA:2,(anonymous_4)
FNDA:4,(anonymous_5)
FNDA:1,(anonymous_6)
FNDA:4,(anonymous_7)
FNDA:2,(anonymous_8)
FNDA:2,(anonymous_9)
FNDA:10,(anonymous_10)
FNDA:2,(anonymous_11)
FNDA:13,(anonymous_12)
FNDA:5,(anonymous_13)
FNDA:1,(anonymous_14)
FNDA:1,(anonymous_15)
DA:1,7
DA:2,7
DA:3,7
DA:4,7
DA:5,7
DA:6,7
DA:7,7
DA:9,7
DA:10,7
DA:22,7
DA:23,18
DA:24,14
DA:25,14
DA:26,12
DA:28,7
DA:30,7
DA:31,1
DA:32,1
DA:33,1
DA:34,1
DA:36,1
DA:37,2
DA:38,4
DA:43,1
DA:44,4
DA:45,2
DA:46,2
DA:49,2
DA:50,1
DA:53,7
DA:54,10
DA:55,3
DA:56,3
DA:57,2
DA:58,2
DA:59,2
DA:61,1
DA:63,2
DA:66,7
DA:67,13
DA:68,13
DA:69,2
DA:70,2
DA:71,2
DA:72,2
DA:73,1
DA:75,7
DA:76,5
DA:77,5
DA:78,4
DA:79,4
DA:80,3
DA:81,2
DA:82,1
DA:83,1
DA:84,1
DA:87,2
DA:89,7
LF:58
LH:58
BRDA:25,0,0,2
BRDA:25,0,1,12
BRDA:45,1,0,2
BRDA:45,1,1,0
BRDA:56,2,0,2
BRDA:56,2,1,1
BRDA:72,3,0,1
BRDA:72,3,1,1
BRDA:78,4,0,0
BRDA:78,4,1,4
BRDA:79,5,0,1
BRDA:79,5,1,3
BRDA:80,6,0,1
BRDA:80,6,1,2
BRDA:81,7,0,1
BRDA:81,7,1,1
BRDA:84,8,0,1
BRDA:84,8,1,0
BRF:18
BRH:15
end_of_record
TN:
SF:src\services\transaction.js
FN:7,(anonymous_0)
FN:17,(anonymous_1)
FN:22,(anonymous_2)
FN:28,(anonymous_3)
FN:35,(anonymous_4)
FNF:5
FNH:5
FNDA:7,(anonymous_0)
FNDA:11,(anonymous_1)
FNDA:2,(anonymous_2)
FNDA:2,(anonymous_3)
FNDA:1,(anonymous_4)
DA:1,7
DA:2,7
DA:3,7
DA:4,7
DA:5,7
DA:7,7
DA:8,7
DA:17,7
DA:18,11
DA:19,11
DA:22,7
DA:23,2
DA:24,2
DA:25,1
DA:28,7
DA:29,2
DA:30,2
DA:31,2
DA:32,1
DA:33,1
DA:35,7
DA:36,7
LF:22
LH:22
BRDA:24,0,0,1
BRDA:24,0,1,1
BRDA:31,1,0,1
BRDA:31,1,1,1
BRF:4
BRH:4
end_of_record
TN:
SF:src\services\user.js
FN:9,(anonymous_0)
FN:10,(anonymous_1)
FN:31,(anonymous_2)
FN:33,(anonymous_3)
FN:40,(anonymous_4)
FN:42,(anonymous_5)
FN:44,(anonymous_6)
FN:55,(anonymous_7)
FN:63,(anonymous_8)
FN:88,(anonymous_9)
FN:90,(anonymous_10)
FN:92,(anonymous_11)
FN:105,(anonymous_12)
FNF:13
FNH:13
FNDA:7,(anonymous_0)
FNDA:6,(anonymous_1)
FNDA:40,(anonymous_2)
FNDA:520,(anonymous_3)
FNDA:8,(anonymous_4)
FNDA:104,(anonymous_5)
FNDA:728,(anonymous_6)
FNDA:33,(anonymous_7)
FNDA:40,(anonymous_8)
FNDA:1,(anonymous_9)
FNDA:168,(anonymous_10)
FNDA:20,(anonymous_11)
FNDA:33,(anonymous_12)
DA:1,7
DA:2,7
DA:3,7
DA:4,7
DA:5,7
DA:6,7
DA:7,7
DA:9,7
DA:10,7
DA:11,6
DA:12,6
DA:15,7
DA:31,7
DA:33,40
DA:34,520
DA:35,520
DA:37,40
DA:40,7
DA:41,8
DA:42,8
DA:43,104
DA:44,104
DA:45,728
DA:46,728
DA:48,104
DA:50,8
DA:55,7
DA:63,33
DA:64,40
DA:65,40
DA:66,28
DA:67,28
DA:70,2
DA:71,26
DA:72,26
DA:75,10
DA:76,16
DA:80,2
DA:81,14
DA:84,5
DA:88,7
DA:90,168
DA:92,7
DA:93,20
DA:94,20
DA:95,19
DA:96,17
DA:97,17
DA:99,16
DA:101,5
DA:102,5
DA:105,7
DA:106,33
DA:107,33
DA:108,33
DA:109,2
DA:110,2
DA:112,7
LF:58
LH:58
BRDA:34,0,0,40
BRDA:34,0,1,480
BRDA:45,1,0,96
BRDA:45,1,1,632
BRDA:45,2,0,728
BRDA:45,2,1,104
BRDA:65,3,0,12
BRDA:65,3,1,28
BRDA:65,4,0,40
BRDA:65,4,1,40
BRDA:67,5,0,2
BRDA:67,5,1,26
BRDA:68,6,0,28
BRDA:68,6,1,27
BRDA:68,6,2,27
BRDA:71,7,0,0
BRDA:71,7,1,26
BRDA:71,8,0,26
BRDA:71,8,1,0
BRDA:72,9,0,10
BRDA:72,9,1,16
BRDA:73,10,0,26
BRDA:73,10,1,25
BRDA:73,10,2,25
BRDA:76,11,0,2
BRDA:76,11,1,14
BRDA:77,12,0,16
BRDA:77,12,1,15
BRDA:77,12,2,15
BRDA:77,12,3,4
BRDA:81,13,0,5
BRDA:81,13,1,9
BRDA:82,14,0,14
BRDA:82,14,1,13
BRDA:82,14,2,13
BRDA:82,14,3,13
BRDA:94,15,0,1
BRDA:94,15,1,19
BRDA:95,16,0,2
BRDA:95,16,1,17
BRDA:97,17,0,1
BRDA:97,17,1,16
BRDA:107,18,0,1
BRDA:107,18,1,32
BRF:44
BRH:42
end_of_record
TN:
SF:src\utils\dataValidator.js
FN:3,(anonymous_0)
FN:5,(anonymous_1)
FN:12,(anonymous_2)
FN:23,(anonymous_3)
FNF:4
FNH:4
FNDA:344,(anonymous_0)
FNDA:3250,(anonymous_1)
FNDA:110,(anonymous_2)
FNDA:344,(anonymous_3)
DA:1,7
DA:3,7
DA:5,344
DA:6,3250
DA:7,3250
DA:9,344
DA:12,7
DA:22,110
DA:23,110
DA:24,344
DA:25,344
DA:26,344
DA:27,322
DA:28,322
DA:31,0
DA:32,322
DA:33,313
DA:36,24
DA:37,289
DA:41,4
DA:42,285
DA:45,11
DA:47,40
DA:50,7
LF:24
LH:23
BRDA:6,0,0,344
BRDA:6,0,1,2906
BRDA:24,1,0,344
BRDA:24,1,1,0
BRDA:26,2,0,22
BRDA:26,2,1,322
BRDA:26,3,0,344
BRDA:26,3,1,344
BRDA:28,4,0,0
BRDA:28,4,1,322
BRDA:29,5,0,322
BRDA:29,5,1,322
BRDA:29,5,2,0
BRDA:32,6,0,9
BRDA:32,6,1,313
BRDA:32,7,0,322
BRDA:32,7,1,40
BRDA:33,8,0,24
BRDA:33,8,1,289
BRDA:34,9,0,313
BRDA:34,9,1,313
BRDA:34,9,2,313
BRDA:37,10,0,4
BRDA:37,10,1,285
BRDA:38,11,0,289
BRDA:38,11,1,289
BRDA:38,11,2,260
BRDA:38,11,3,42
BRDA:42,12,0,11
BRDA:42,12,1,274
BRDA:43,13,0,285
BRDA:43,13,1,285
BRDA:43,13,2,256
BRDA:43,13,3,255
BRDA:47,14,0,1
BRDA:47,14,1,39
BRF:36
BRH:33
end_of_record
TN:
SF:src\utils\getTimeStamp.js
FN:1,(anonymous_0)
FN:3,(anonymous_1)
FNF:2
FNH:2
FNDA:10,(anonymous_0)
FNDA:50,(anonymous_1)
DA:1,7
DA:2,10
DA:3,50
DA:4,10
DA:5,10
DA:6,10
DA:7,10
DA:8,10
DA:9,10
DA:10,10
DA:11,10
DA:14,7
LF:12
LH:12
BRDA:3,0,0,30
BRDA:3,0,1,20
BRDA:11,1,0,0
BRDA:11,1,1,10
BRF:4
BRH:3
end_of_record
